Initiating legacy licensing module

LICENSE SYSTEM [20211012 16:4:55] Next license update check is after 2021-10-12T12:16:08

Built from '2019.2/staging' branch; Version is '2019.2.12f1 (b1a7e1fb4fa5) revision 11642849'; Using compiler version '191627012'
OS: 'Windows 10  (10.0.0) 64bit' Language: 'en' Physical Memory: 16348 MB
BatchMode: 1, IsHumanControllingUs: 0, StartBugReporterOnCrash: 0, Is64bit: 1, IsPro: 1
[Package Manager] Server::Start -- Port 52372 was selected

 COMMAND LINE ARGUMENTS:
C:\Program Files\Unity\Hub\Editor\2019.2.12f1\Editor\Unity.exe
-quit
-batchmode
-logFile
stdout.log
-projectPath
D:\PROJECTS\BuildTest
-executeMethod
WebGLBuilder.build
Successfully changed project path to: D:\PROJECTS\BuildTest
D:/PROJECTS/BuildTest
Using Asset Import Pipeline V1.
DisplayProgressbar: Unity Package Manager
Loading GUID <-> Path mappings...0.000111 seconds
Loading Asset Database...0.008389 seconds
AssetDatabase consistency checks...0.029099 seconds
[Package Manager] Done resolving packages in 0.45s seconds
[Package Manager] 
Registered 40 packages:
  Packages from [https://packages.unity.com]:
    com.unity.collab-proxy@1.2.16 (location: D:\PROJECTS\BuildTest\Library\PackageCache\com.unity.collab-proxy@1.2.16)
    com.unity.ext.nunit@1.0.0 (location: D:\PROJECTS\BuildTest\Library\PackageCache\com.unity.ext.nunit@1.0.0)
    com.unity.ide.rider@1.1.0 (location: D:\PROJECTS\BuildTest\Library\PackageCache\com.unity.ide.rider@1.1.0)
    com.unity.ide.vscode@1.1.2 (location: D:\PROJECTS\BuildTest\Library\PackageCache\com.unity.ide.vscode@1.1.2)
    com.unity.test-framework@1.0.13 (location: D:\PROJECTS\BuildTest\Library\PackageCache\com.unity.test-framework@1.0.13)
    com.unity.textmeshpro@2.0.1 (location: D:\PROJECTS\BuildTest\Library\PackageCache\com.unity.textmeshpro@2.0.1)
  Built-in packages:
    com.unity.package-manager-ui@2.2.0 (location: C:\Program Files\Unity\Hub\Editor\2019.2.12f1\Editor\Data\Resources\PackageManager\BuiltInPackages\com.unity.package-manager-ui)
    com.unity.timeline@1.1.0 (location: C:\Program Files\Unity\Hub\Editor\2019.2.12f1\Editor\Data\Resources\PackageManager\BuiltInPackages\com.unity.timeline)
    com.unity.ugui@1.0.0 (location: C:\Program Files\Unity\Hub\Editor\2019.2.12f1\Editor\Data\Resources\PackageManager\BuiltInPackages\com.unity.ugui)
    com.unity.modules.ai@1.0.0 (location: C:\Program Files\Unity\Hub\Editor\2019.2.12f1\Editor\Data\Resources\PackageManager\BuiltInPackages\com.unity.modules.ai)
    com.unity.modules.androidjni@1.0.0 (location: C:\Program Files\Unity\Hub\Editor\2019.2.12f1\Editor\Data\Resources\PackageManager\BuiltInPackages\com.unity.modules.androidjni)
    com.unity.modules.animation@1.0.0 (location: C:\Program Files\Unity\Hub\Editor\2019.2.12f1\Editor\Data\Resources\PackageManager\BuiltInPackages\com.unity.modules.animation)
    com.unity.modules.assetbundle@1.0.0 (location: C:\Program Files\Unity\Hub\Editor\2019.2.12f1\Editor\Data\Resources\PackageManager\BuiltInPackages\com.unity.modules.assetbundle)
    com.unity.modules.audio@1.0.0 (location: C:\Program Files\Unity\Hub\Editor\2019.2.12f1\Editor\Data\Resources\PackageManager\BuiltInPackages\com.unity.modules.audio)
    com.unity.modules.cloth@1.0.0 (location: C:\Program Files\Unity\Hub\Editor\2019.2.12f1\Editor\Data\Resources\PackageManager\BuiltInPackages\com.unity.modules.cloth)
    com.unity.modules.director@1.0.0 (location: C:\Program Files\Unity\Hub\Editor\2019.2.12f1\Editor\Data\Resources\PackageManager\BuiltInPackages\com.unity.modules.director)
    com.unity.modules.imageconversion@1.0.0 (location: C:\Program Files\Unity\Hub\Editor\2019.2.12f1\Editor\Data\Resources\PackageManager\BuiltInPackages\com.unity.modules.imageconversion)
    com.unity.modules.imgui@1.0.0 (location: C:\Program Files\Unity\Hub\Editor\2019.2.12f1\Editor\Data\Resources\PackageManager\BuiltInPackages\com.unity.modules.imgui)
    com.unity.modules.jsonserialize@1.0.0 (location: C:\Program Files\Unity\Hub\Editor\2019.2.12f1\Editor\Data\Resources\PackageManager\BuiltInPackages\com.unity.modules.jsonserialize)
    com.unity.modules.particlesystem@1.0.0 (location: C:\Program Files\Unity\Hub\Editor\2019.2.12f1\Editor\Data\Resources\PackageManager\BuiltInPackages\com.unity.modules.particlesystem)
    com.unity.modules.physics@1.0.0 (location: C:\Program Files\Unity\Hub\Editor\2019.2.12f1\Editor\Data\Resources\PackageManager\BuiltInPackages\com.unity.modules.physics)
    com.unity.modules.physics2d@1.0.0 (location: C:\Program Files\Unity\Hub\Editor\2019.2.12f1\Editor\Data\Resources\PackageManager\BuiltInPackages\com.unity.modules.physics2d)
    com.unity.modules.screencapture@1.0.0 (location: C:\Program Files\Unity\Hub\Editor\2019.2.12f1\Editor\Data\Resources\PackageManager\BuiltInPackages\com.unity.modules.screencapture)
    com.unity.modules.terrain@1.0.0 (location: C:\Program Files\Unity\Hub\Editor\2019.2.12f1\Editor\Data\Resources\PackageManager\BuiltInPackages\com.unity.modules.terrain)
    com.unity.modules.terrainphysics@1.0.0 (location: C:\Program Files\Unity\Hub\Editor\2019.2.12f1\Editor\Data\Resources\PackageManager\BuiltInPackages\com.unity.modules.terrainphysics)
    com.unity.modules.tilemap@1.0.0 (location: C:\Program Files\Unity\Hub\Editor\2019.2.12f1\Editor\Data\Resources\PackageManager\BuiltInPackages\com.unity.modules.tilemap)
    com.unity.modules.ui@1.0.0 (location: C:\Program Files\Unity\Hub\Editor\2019.2.12f1\Editor\Data\Resources\PackageManager\BuiltInPackages\com.unity.modules.ui)
    com.unity.modules.uielements@1.0.0 (location: C:\Program Files\Unity\Hub\Editor\2019.2.12f1\Editor\Data\Resources\PackageManager\BuiltInPackages\com.unity.modules.uielements)
    com.unity.modules.umbra@1.0.0 (location: C:\Program Files\Unity\Hub\Editor\2019.2.12f1\Editor\Data\Resources\PackageManager\BuiltInPackages\com.unity.modules.umbra)
    com.unity.modules.unityanalytics@1.0.0 (location: C:\Program Files\Unity\Hub\Editor\2019.2.12f1\Editor\Data\Resources\PackageManager\BuiltInPackages\com.unity.modules.unityanalytics)
    com.unity.modules.unitywebrequest@1.0.0 (location: C:\Program Files\Unity\Hub\Editor\2019.2.12f1\Editor\Data\Resources\PackageManager\BuiltInPackages\com.unity.modules.unitywebrequest)
    com.unity.modules.unitywebrequestassetbundle@1.0.0 (location: C:\Program Files\Unity\Hub\Editor\2019.2.12f1\Editor\Data\Resources\PackageManager\BuiltInPackages\com.unity.modules.unitywebrequestassetbundle)
    com.unity.modules.unitywebrequestaudio@1.0.0 (location: C:\Program Files\Unity\Hub\Editor\2019.2.12f1\Editor\Data\Resources\PackageManager\BuiltInPackages\com.unity.modules.unitywebrequestaudio)
    com.unity.modules.unitywebrequesttexture@1.0.0 (location: C:\Program Files\Unity\Hub\Editor\2019.2.12f1\Editor\Data\Resources\PackageManager\BuiltInPackages\com.unity.modules.unitywebrequesttexture)
    com.unity.modules.unitywebrequestwww@1.0.0 (location: C:\Program Files\Unity\Hub\Editor\2019.2.12f1\Editor\Data\Resources\PackageManager\BuiltInPackages\com.unity.modules.unitywebrequestwww)
    com.unity.modules.vehicles@1.0.0 (location: C:\Program Files\Unity\Hub\Editor\2019.2.12f1\Editor\Data\Resources\PackageManager\BuiltInPackages\com.unity.modules.vehicles)
    com.unity.modules.video@1.0.0 (location: C:\Program Files\Unity\Hub\Editor\2019.2.12f1\Editor\Data\Resources\PackageManager\BuiltInPackages\com.unity.modules.video)
    com.unity.modules.vr@1.0.0 (location: C:\Program Files\Unity\Hub\Editor\2019.2.12f1\Editor\Data\Resources\PackageManager\BuiltInPackages\com.unity.modules.vr)
    com.unity.modules.wind@1.0.0 (location: C:\Program Files\Unity\Hub\Editor\2019.2.12f1\Editor\Data\Resources\PackageManager\BuiltInPackages\com.unity.modules.wind)
    com.unity.modules.xr@1.0.0 (location: C:\Program Files\Unity\Hub\Editor\2019.2.12f1\Editor\Data\Resources\PackageManager\BuiltInPackages\com.unity.modules.xr)

[XR] No new subsystems found in resolved package list.
[Package Manager] Done registering packages in 0.01s seconds
Refreshing native plugins compatible for Editor in 1.41 ms, found 0 plugins.
Preloading 0 native plugins for Editor in 0.00 ms.
Initialize engine version: 2019.2.12f1 (b1a7e1fb4fa5)
[XR] Discovering subsystems at path C:/Program Files/Unity/Hub/Editor/2019.2.12f1/Editor/Data/Resources/UnitySubsystems
[XR] Discovering subsystems at path D:/PROJECTS/BuildTest/Assets
GfxDevice: creating device client; threaded=0
Direct3D:
    Version:  Direct3D 11.0 [level 11.0]
    Renderer: NVIDIA GeForce GT 710 (ID=0x128b)
    Vendor:   
    VRAM:     2007 MB
    Driver:   27.21.14.5671
[EnlightenBakeManager] m_Clear = false;
Initialize mono
Mono path[0] = 'C:/Program Files/Unity/Hub/Editor/2019.2.12f1/Editor/Data/Managed'
Mono path[1] = 'C:/Program Files/Unity/Hub/Editor/2019.2.12f1/Editor/Data/MonoBleedingEdge/lib/mono/unityjit'
Mono config path = 'C:/Program Files/Unity/Hub/Editor/2019.2.12f1/Editor/Data/MonoBleedingEdge/etc'
Using monoOptions --debugger-agent=transport=dt_socket,embedding=1,server=y,suspend=n,address=127.0.0.1:56976
Begin MonoManager ReloadAssembly
Registering precompiled unity dll's ...
Register platform support module: C:/Program Files/Unity/Hub/Editor/2019.2.12f1/Editor/Data/PlaybackEngines/WindowsStandaloneSupport/UnityEditor.WindowsStandalone.Extensions.dll
Register platform support module: C:/Program Files/Unity/Hub/Editor/2019.2.12f1/Editor/Data/PlaybackEngines/WebGLSupport/UnityEditor.WebGL.Extensions.dll
Register platform support module: C:/Program Files/Unity/Hub/Editor/2019.2.12f1/Editor/Data/PlaybackEngines/AndroidPlayer/UnityEditor.Android.Extensions.dll
Register platform support module: C:/Program Files/Unity/Hub/Editor/2019.2.12f1/Editor/Data/PlaybackEngines/iOSSupport/UnityEditor.iOS.Extensions.dll
Registered in 0.006383 seconds.
Native extension for iOS target not found
Native extension for Android target not found
Native extension for WebGL target not found
Native extension for WindowsStandalone target not found
Refreshing native plugins compatible for Editor in 0.11 ms, found 0 plugins.
Preloading 0 native plugins for Editor in 0.00 ms.
Mono: successfully reloaded assembly
- Completed reload, in  4.087 seconds
Registering precompiled user dll's ...
Registered in 0.065906 seconds.
Platform modules already initialized, skipping
Begin MonoManager ReloadAssembly
Native extension for iOS target not found
Native extension for Android target not found
Native extension for WebGL target not found
Native extension for WindowsStandalone target not found
Refreshing native plugins compatible for Editor in 0.11 ms, found 0 plugins.
Preloading 0 native plugins for Editor in 0.00 ms.
Mono: successfully reloaded assembly
- Completed reload, in  0.885 seconds
Platform modules already initialized, skipping
[ScriptCompilation] Recompiling all scripts because: Reload of assemblies failed, assemblies are invalid or forced recompiled
- Starting compile Library/ScriptAssemblies/UnityEngine.TestRunner.dll
- Starting compile Library/ScriptAssemblies/UnityEngine.UI.dll
- Finished compile Library/ScriptAssemblies/UnityEngine.TestRunner.dll
- Starting compile Library/ScriptAssemblies/UnityEditor.TestRunner.dll
- Finished compile Library/ScriptAssemblies/UnityEngine.UI.dll
- Finished compile Library/ScriptAssemblies/UnityEditor.TestRunner.dll
- Starting compile Library/ScriptAssemblies/UnityEditor.UI.dll
- Finished compile Library/ScriptAssemblies/UnityEditor.UI.dll
- Starting compile Library/ScriptAssemblies/Unity.TextMeshPro.dll
- Starting compile Library/ScriptAssemblies/Unity.Timeline.dll
- Starting compile Library/ScriptAssemblies/Unity.CollabProxy.Editor.dll
- Starting compile Library/ScriptAssemblies/Unity.VSCode.Editor.dll
- Finished compile Library/ScriptAssemblies/Unity.VSCode.Editor.dll
- Starting compile Library/ScriptAssemblies/Unity.Rider.Editor.dll
- Finished compile Library/ScriptAssemblies/Unity.CollabProxy.Editor.dll
- Finished compile Library/ScriptAssemblies/Unity.Timeline.dll
- Starting compile Library/ScriptAssemblies/Unity.Timeline.Editor.dll
- Finished compile Library/ScriptAssemblies/Unity.TextMeshPro.dll
- Starting compile Library/ScriptAssemblies/Unity.TextMeshPro.Editor.dll
- Finished compile Library/ScriptAssemblies/Unity.Rider.Editor.dll
- Finished compile Library/ScriptAssemblies/Unity.Timeline.Editor.dll
- Finished compile Library/ScriptAssemblies/Unity.TextMeshPro.Editor.dll
Begin MonoManager ReloadAssembly
Native extension for iOS target not found
Native extension for Android target not found
Native extension for WebGL target not found
Native extension for WindowsStandalone target not found
Refreshing native plugins compatible for Editor in 0.24 ms, found 0 plugins.
Preloading 0 native plugins for Editor in 0.00 ms.
Mono: successfully reloaded assembly
- Completed reload, in  1.723 seconds
Platform modules already initialized, skipping
- Starting compile Library/ScriptAssemblies/Assembly-CSharp-Editor.dll
- Finished compile Library/ScriptAssemblies/Assembly-CSharp-Editor.dll
Reloading assemblies after script compilation.
Begin MonoManager ReloadAssembly
Native extension for iOS target not found
Native extension for Android target not found
Native extension for WebGL target not found
Native extension for WindowsStandalone target not found
Refreshing native plugins compatible for Editor in 0.14 ms, found 0 plugins.
Preloading 0 native plugins for Editor in 0.00 ms.
Mono: successfully reloaded assembly
- Completed reload, in  1.302 seconds
Platform modules already initialized, skipping
Validating Project structure ... 0.000341 seconds.
Refresh: detecting if any assets need to be imported or removed ...
Refreshing native plugins compatible for Editor in 0.28 ms, found 0 plugins.
Preloading 0 native plugins for Editor in 0.00 ms.
Refresh: detecting if any assets need to be imported or removed ...

Refresh Completed time: 0.032838s
	Asset Scan time: 0.032061s
	Asset Hashing: 0.000000s [0 B, 0.000000 mb/s]
	Asset Import (Scripting) time: 0.000000s (count: 0)
	Post Processs Assets (Scripting) time: 0.000000s
	Asset Rehashing: 0.000000s [0 B, 0.000000 mb/s]
	Asset Import (Non Scripting) time: 0.000000s (count: 0)
	Post Process Assets (Non Scripting) time: 0.000000s
	Dependent Assets to Import Queue time: 0.000000s

Launched and connected shader compiler UnityShaderCompiler.exe after 0.06 seconds
Warming cache for 1217 main assets: 0.002266 seconds elapsed
Initializing Unity extensions:
 'C:/Program Files/Unity/Hub/Editor/2019.2.12f1/Editor/Data/UnityExtensions/Unity/UnityVR/Editor/UnityEditor.VR.dll'  GUID: 4ba2329b63d54f0187bcaa12486b1b0f
[C# Project] Writing D:/PROJECTS/BuildTest\Assembly-CSharp-Editor.csproj because it has changed
[C# Project] First difference on line 25

[C# Project] Current D:/PROJECTS/BuildTest\Assembly-CSharp-Editor.csproj:
[C# Project]   025:     <DefineConstants>DEBUG;TRACE;UNITY_2019_2_12;UNITY_2019_2;UNITY_2019;UNITY_5_3_OR_NEWER;UNITY_5_4_OR_NEWER;UNITY_5_5_OR_NEWER;UNITY_5_6_OR_NEWER;UNITY_2017_1_OR_NEWER;UNITY_2017_2_OR_NEWER;UNITY_2017_3_OR_NEWER;UNITY_2017_4_OR_NEWER;UNITY_2018_1_OR_NEWER;UNITY_2018_2_OR_NEWER;UNITY_2018_3_OR_NEWER;UNITY_2018_4_OR_NEWER;UNITY_2019_1_OR_NEWER;UNITY_2019_2_OR_NEWER;UNITY_INCLUDE_TESTS;ENABLE_AUDIO;ENABLE_CACHING;ENABLE_CLOTH;ENABLE_MICROPHONE;ENABLE_MULTIPLE_DISPLAYS;ENABLE_PHYSICS;ENABLE_TEXTURE_STREAMING;ENABLE_UNET;ENABLE_LZMA;ENABLE_UNITYEVENTS;ENABLE_WEBCAM;ENABLE_WWW;ENABLE_CLOUD_SERVICES_COLLAB;ENABLE_CLOUD_SERVICES_COLLAB_SOFTLOCKS;ENABLE_CLOUD_SERVICES_ADS;ENABLE_CLOUD_SERVICES_USE_WEBREQUEST;ENABLE_CLOUD_SERVICES_UNET;ENABLE_CLOUD_SERVICES_BUILD;ENABLE_CLOUD_LICENSE;ENABLE_EDITOR_HUB_LICENSE;ENABLE_WEBSOCKET_CLIENT;ENABLE_DIRECTOR_AUDIO;ENABLE_DIRECTOR_TEXTURE;ENABLE_MANAGED_JOBS;ENABLE_MANAGED_TRANSFORM_JOBS;ENABLE_MANAGED_ANIMATION_JOBS;ENABLE_MANAGED_AUDIO_JOBS;INCLUDE_DYNAMIC_GI;ENABLE_MONO_BDWGC;ENABLE_SCRIPTING_GC_WBARRIERS;PLATFORM_SUPPORTS_MONO;RENDER_SOFTWARE_CURSOR;ENABLE_VIDEO;PLATFORM_STANDALONE_WIN;PLATFORM_STANDALONE;UNITY_STANDALONE_WIN;UNITY_STANDALONE;ENABLE_RUNTIME_GI;ENABLE_MOVIES;ENABLE_NETWORK;ENABLE_CRUNCH_TEXTURE_COMPRESSION;ENABLE_UNITYWEBREQUEST;ENABLE_CLOUD_SERVICES;ENABLE_CLOUD_SERVICES_ANALYTICS;ENABLE_CLOUD_SERVICES_PURCHASING;ENABLE_CLOUD_SERVICES_CRASH_REPORTING;ENABLE_OUT_OF_PROCESS_CRASH_HANDLER;ENABLE_EVENT_QUEUE;ENABLE_CLUSTER_SYNC;ENABLE_CLUSTERINPUT;ENABLE_VR;ENABLE_AR;ENABLE_WEBSOCKET_HOST;ENABLE_MONO;NET_4_6;ENABLE_PROFILER;UNITY_ASSERTIONS;UNITY_EDITOR;UNITY_EDITOR_64;UNITY_EDITOR_WIN;ENABLE_UNITY_COLLECTIONS_CHECKS;ENABLE_BURST_AOT;UNITY_TEAM_LICENSE;ENABLE_VSTU;UNITY_PRO_LICENSE;ENABLE_CUSTOM_RENDER_TEXTURE;ENABLE_DIRECTOR;ENABLE_LOCALIZATION;ENABLE_SPRITES;ENABLE_TERRAIN;ENABLE_TILEMAP;ENABLE_TIMELINE;ENABLE_LEGACY_INPUT_MANAGER;CSHARP_7_OR_LATER;CSHARP_7_3_OR_NEWER</DefineConstants>
[C# Project]   026:     <ErrorReport>prompt</ErrorReport>
[C# Project]   027:     <WarningLevel>4</WarningLevel>
[C# Project]   028:     <NoWarn>0169</NoWarn>
[C# Project]   029:     <AllowUnsafeBlocks>False</AllowUnsafeBlocks>

[C# Project] New D:/PROJECTS/BuildTest\Assembly-CSharp-Editor.csproj:
[C# Project]   025:     <DefineConstants>DEBUG;TRACE;UNITY_2019_2_12;UNITY_2019_2;UNITY_2019;UNITY_5_3_OR_NEWER;UNITY_5_4_OR_NEWER;UNITY_5_5_OR_NEWER;UNITY_5_6_OR_NEWER;UNITY_2017_1_OR_NEWER;UNITY_2017_2_OR_NEWER;UNITY_2017_3_OR_NEWER;UNITY_2017_4_OR_NEWER;UNITY_2018_1_OR_NEWER;UNITY_2018_2_OR_NEWER;UNITY_2018_3_OR_NEWER;UNITY_2018_4_OR_NEWER;UNITY_2019_1_OR_NEWER;UNITY_2019_2_OR_NEWER;UNITY_INCLUDE_TESTS;ENABLE_AUDIO;ENABLE_CACHING;ENABLE_CLOTH;ENABLE_MULTIPLE_DISPLAYS;ENABLE_PHYSICS;ENABLE_TEXTURE_STREAMING;ENABLE_UNET;ENABLE_UNITYEVENTS;ENABLE_WEBCAM;ENABLE_WWW;ENABLE_CLOUD_SERVICES_COLLAB;ENABLE_CLOUD_SERVICES_COLLAB_SOFTLOCKS;ENABLE_CLOUD_SERVICES_USE_WEBREQUEST;ENABLE_CLOUD_SERVICES_UNET;ENABLE_CLOUD_SERVICES_BUILD;ENABLE_CLOUD_LICENSE;ENABLE_EDITOR_HUB_LICENSE;ENABLE_WEBSOCKET_CLIENT;ENABLE_DIRECTOR_AUDIO;ENABLE_DIRECTOR_TEXTURE;ENABLE_MANAGED_JOBS;ENABLE_MANAGED_TRANSFORM_JOBS;ENABLE_MANAGED_ANIMATION_JOBS;ENABLE_MANAGED_AUDIO_JOBS;ENABLE_MONO_BDWGC;RENDER_SOFTWARE_CURSOR;ENABLE_VIDEO;PLATFORM_WEBGL;UNITY_WEBGL;UNITY_WEBGL_API;UNITY_DISABLE_WEB_VERIFICATION;UNITY_GFX_USE_PLATFORM_VSYNC;ENABLE_CRUNCH_TEXTURE_COMPRESSION;ENABLE_UNITYWEBREQUEST;ENABLE_CLOUD_SERVICES;ENABLE_CLOUD_SERVICES_ADS;ENABLE_CLOUD_SERVICES_ANALYTICS;ENABLE_CLOUD_SERVICES_PURCHASING;ENABLE_CLOUD_SERVICES_CRASH_REPORTING;ENABLE_ENGINE_CODE_STRIPPING;ENABLE_VR;ENABLE_SPATIALTRACKING;ENABLE_MONO;NET_4_6;ENABLE_PROFILER;UNITY_ASSERTIONS;UNITY_EDITOR;UNITY_EDITOR_64;UNITY_EDITOR_WIN;ENABLE_UNITY_COLLECTIONS_CHECKS;ENABLE_BURST_AOT;UNITY_TEAM_LICENSE;ENABLE_VSTU;UNITY_PRO_LICENSE;ENABLE_CUSTOM_RENDER_TEXTURE;ENABLE_DIRECTOR;ENABLE_LOCALIZATION;ENABLE_SPRITES;ENABLE_TERRAIN;ENABLE_TILEMAP;ENABLE_TIMELINE;ENABLE_LEGACY_INPUT_MANAGER;CSHARP_7_OR_LATER;CSHARP_7_3_OR_NEWER</DefineConstants>
[C# Project]   026:     <ErrorReport>prompt</ErrorReport>
[C# Project]   027:     <WarningLevel>4</WarningLevel>
[C# Project]   028:     <NoWarn>0169</NoWarn>
[C# Project]   029:     <AllowUnsafeBlocks>False</AllowUnsafeBlocks>
Unloading 896 Unused Serialized files (Serialized files now loaded: 0)
System memory in use before: 51.5 MB.
System memory in use after: 51.5 MB.

Unloading 56 unused Assets to reduce memory usage. Loaded Objects now: 1326.
Total: 2.445500 ms (FindLiveObjects: 0.380200 ms CreateObjectMapping: 0.053700 ms MarkObjects: 1.909500 ms  DeleteObjects: 0.100900 ms)

WARNING: Shader Unsupported: 'Hidden/VideoDecodeOSX' - Pass 'Flip_RGBARect_To_RGBA' has no vertex shader
WARNING: Shader Unsupported: 'Hidden/VideoDecodeOSX' - Setting to default shader.
WARNING: Shader Unsupported: 'Hidden/VideoDecodeAndroid' - Pass 'RGBAExternal_To_RGBA' has no vertex shader
WARNING: Shader Unsupported: 'Hidden/VideoDecodeAndroid' - Setting to default shader.
WARNING: Shader Unsupported: 'Hidden/VideoDecodeML' - Pass 'RGBAExternal_To_RGBA' has no vertex shader
WARNING: Shader Unsupported: 'Hidden/VideoDecodeML' - Setting to default shader.
Updating ProjectSettings/UnityConnectSettings.asset - GUID: 0000000000000000a100000000000000...
 done. [Time: 43.347200 ms] 
Refreshing native plugins compatible for Editor in 0.14 ms, found 0 plugins.
Preloading 0 native plugins for Editor in 0.00 ms.
[ScriptCompilation] Recompiling all scripts because: Recompiling scripts for player build.
BuildPlayer: start building target 20
- Starting compile Library/PlayerScriptAssemblies/UnityEngine.TestRunner.dll
- Starting compile Library/PlayerScriptAssemblies/UnityEngine.UI.dll
- Finished compile Library/PlayerScriptAssemblies/UnityEngine.TestRunner.dll
- Finished compile Library/PlayerScriptAssemblies/UnityEngine.UI.dll
- Starting compile Library/PlayerScriptAssemblies/Unity.TextMeshPro.dll
- Starting compile Library/PlayerScriptAssemblies/Unity.Timeline.dll
- Finished compile Library/PlayerScriptAssemblies/Unity.Timeline.dll
- Finished compile Library/PlayerScriptAssemblies/Unity.TextMeshPro.dll
DisplayProgressbar: Building Player
Opening scene 'Assets/Scenes/Demo.unity'
LightmapEditorSettings: switching bake backend from 1 to 0.
Unloading 6 Unused Serialized files (Serialized files now loaded: 0)
Loaded scene 'Assets/Scenes/Demo.unity'
	Deserialize:            15.848 ms
	Integration:            55.024 ms
	Integration of assets:  0.019 ms
	Thread Wait Time:       26.138 ms
	Total Operation Time:   97.028 ms
System memory in use before: 36.3 MB.
System memory in use after: 36.1 MB.

Unloading 16 unused Assets to reduce memory usage. Loaded Objects now: 1369.
Total: 4.358100 ms (FindLiveObjects: 0.339000 ms CreateObjectMapping: 0.089400 ms MarkObjects: 3.617500 ms  DeleteObjects: 0.310700 ms)



Mono dependencies included in the build
Dependency assembly - System.Diagnostics.StackTrace.dll
Dependency assembly - System.Globalization.Extensions.dll
Dependency assembly - System.Runtime.Serialization.Xml.dll
Dependency assembly - System.Xml.XPath.XDocument.dll
Dependency assembly - netstandard.dll
Dependency assembly - Mono.Security.dll
Dependency assembly - System.ComponentModel.Composition.dll
Dependency assembly - System.Configuration.dll
Dependency assembly - System.Core.dll
Dependency assembly - System.Data.dll
Dependency assembly - System.Drawing.dll
Dependency assembly - System.EnterpriseServices.dll
Dependency assembly - System.IO.Compression.FileSystem.dll
Dependency assembly - System.IO.Compression.dll
Dependency assembly - System.Net.Http.dll
Dependency assembly - System.Numerics.dll
Dependency assembly - System.Runtime.Serialization.dll
Dependency assembly - System.ServiceModel.Internals.dll
Dependency assembly - System.Transactions.dll
Dependency assembly - System.Xml.Linq.dll
Dependency assembly - System.Xml.dll
Dependency assembly - System.dll
Dependency assembly - mscorlib.dll
Dependency assembly - Unity.TextMeshPro.dll
Dependency assembly - Unity.Timeline.dll
Dependency assembly - UnityEngine.UI.dll

Unloading 3 Unused Serialized files (Serialized files now loaded: 0)
System memory in use before: 40.8 MB.
System memory in use after: 40.8 MB.

Unloading 1 unused Assets to reduce memory usage. Loaded Objects now: 1350.
Total: 3.885500 ms (FindLiveObjects: 0.380900 ms CreateObjectMapping: 0.046300 ms MarkObjects: 3.432600 ms  DeleteObjects: 0.024400 ms)

[EnlightenBakeManager] m_Clear = false;
Setting up 1 worker threads for Enlighten.
Unloading 0 Unused Serialized files (Serialized files now loaded: 0)
  Thread -> id: 29e8 -> priority: 1 
System memory in use before: 40.5 MB.
System memory in use after: 40.6 MB.

Unloading 0 unused Assets to reduce memory usage. Loaded Objects now: 1358.
Total: 3.742700 ms (FindLiveObjects: 0.372400 ms CreateObjectMapping: 0.038300 ms MarkObjects: 3.321400 ms  DeleteObjects: 0.009200 ms)

WARNING: Shader Unsupported: 'AR/TangoARRender' - Pass '' has no vertex shader
WARNING: Shader Unsupported: 'AR/TangoARRender' - Setting to default shader.
Unloading 1 Unused Serialized files (Serialized files now loaded: 0)
System memory in use before: 135.0 MB.
System memory in use after: 41.2 MB.

Unloading 163 unused Assets to reduce memory usage. Loaded Objects now: 1350.
Total: 33.669300 ms (FindLiveObjects: 0.476800 ms CreateObjectMapping: 0.069900 ms MarkObjects: 3.455000 ms  DeleteObjects: 29.666000 ms)

DisplayProgressbar: Compiling shader variants
Launched and connected shader compiler UnityShaderCompiler.exe after 0.06 seconds
Launched and connected shader compiler UnityShaderCompiler.exe after 0.04 seconds
Launched and connected shader compiler UnityShaderCompiler.exe after 0.04 seconds
DisplayProgressbar: Building Player

***Player size statistics***
Level 0 'Assets/Scenes/Demo.unity' uses 145.2 KB compressed / 481.1 KB uncompressed.
Total compressed size 145.5 KB. Total uncompressed size 481.1 KB.
DisplayProgressbar: Scripting
DisplayProgressbar: Building Player
Invoking UnityLinker with arguments: -out=D:/PROJECTS/BuildTest/Temp/StagingArea/Data/Managed/tempStrip -x="C:/Program Files/Unity/Hub/Editor/2019.2.12f1/Editor/Data/PlaybackEngines/WebGLSupport/Whitelists/Core.xml" -x=D:/PROJECTS/BuildTest/Temp/StagingArea/Data/Managed/TypesInScenes.xml -d=D:/PROJECTS/BuildTest/Temp/StagingArea/Data/Managed --include-unity-root-assembly=D:/PROJECTS/BuildTest/Temp/StagingArea/Data/Managed/UnityEngine.UI.dll --dotnetruntime=il2cpp --dotnetprofile=unityaot --use-editor-options --include-directory=D:/PROJECTS/BuildTest/Temp/StagingArea/Data/Managed --rule-set=Conservative --editor-data-file=D:/PROJECTS/BuildTest/Temp/StagingArea/Data/Managed/EditorToUnityLinkerData.json --disable-engine-module-support --enable-engine-module-stripping --engine-stripping-flag=EnableUnityConnect --engine-modules-asset-file="C:/Program Files/Unity/Hub/Editor/2019.2.12f1/Editor/Data/PlaybackEngines/WebGLSupport/Whitelists/../modules.asset"
C:\Program Files\Unity\Hub\Editor\2019.2.12f1\Editor\Data\il2cpp\build/UnityLinker.exe exited after 7183 ms.
C:\Program Files\Unity\Hub\Editor\2019.2.12f1\Editor\Data\Tools/InternalCallRegistrationWriter/InternalCallRegistrationWriter.exe exited after 387 ms.
DisplayProgressbar: Fetching assembly references
DisplayProgressbar: Building Player
Invoking UnityLinker with arguments: -out=D:/PROJECTS/BuildTest/Temp/StagingArea/Data/Managed/tempStrip -x="C:/Program Files/Unity/Hub/Editor/2019.2.12f1/Editor/Data/PlaybackEngines/WebGLSupport/Whitelists/Core.xml" -x=D:/PROJECTS/BuildTest/Temp/StagingArea/Data/Managed/TypesInScenes.xml -x="C:/Program Files/Unity/Hub/Editor/2019.2.12f1/Editor/Data/PlaybackEngines/WebGLSupport/Whitelists/Animation.xml" -x="C:/Program Files/Unity/Hub/Editor/2019.2.12f1/Editor/Data/PlaybackEngines/WebGLSupport/Whitelists/Audio.xml" -x="C:/Program Files/Unity/Hub/Editor/2019.2.12f1/Editor/Data/PlaybackEngines/WebGLSupport/Whitelists/Core.xml" -x="C:/Program Files/Unity/Hub/Editor/2019.2.12f1/Editor/Data/PlaybackEngines/WebGLSupport/Whitelists/TextRendering.xml" -x="C:/Program Files/Unity/Hub/Editor/2019.2.12f1/Editor/Data/PlaybackEngines/WebGLSupport/Whitelists/UI.xml" -x="C:/Program Files/Unity/Hub/Editor/2019.2.12f1/Editor/Data/PlaybackEngines/WebGLSupport/Whitelists/UnityConnect.xml" -x="C:/Program Files/Unity/Hub/Editor/2019.2.12f1/Editor/Data/PlaybackEngines/WebGLSupport/Whitelists/IMGUI.xml" -x="C:/Program Files/Unity/Hub/Editor/2019.2.12f1/Editor/Data/PlaybackEngines/WebGLSupport/Whitelists/InputLegacy.xml" -x="C:/Program Files/Unity/Hub/Editor/2019.2.12f1/Editor/Data/PlaybackEngines/WebGLSupport/Whitelists/SharedInternals.xml" -x="C:/Program Files/Unity/Hub/Editor/2019.2.12f1/Editor/Data/PlaybackEngines/WebGLSupport/Whitelists/UnityAnalytics.xml" -x="C:/Program Files/Unity/Hub/Editor/2019.2.12f1/Editor/Data/PlaybackEngines/WebGLSupport/Whitelists/TLS.xml" -x="C:/Program Files/Unity/Hub/Editor/2019.2.12f1/Editor/Data/PlaybackEngines/WebGLSupport/Whitelists/WebGL.xml" -d=D:/PROJECTS/BuildTest/Temp/StagingArea/Data/Managed --include-unity-root-assembly=D:/PROJECTS/BuildTest/Temp/StagingArea/Data/Managed/UnityEngine.UI.dll --dotnetruntime=il2cpp --dotnetprofile=unityaot --use-editor-options --include-directory=D:/PROJECTS/BuildTest/Temp/StagingArea/Data/Managed --rule-set=Conservative --editor-data-file=D:/PROJECTS/BuildTest/Temp/StagingArea/Data/Managed/EditorToUnityLinkerData.json --disable-engine-module-support --enable-engine-module-stripping --engine-stripping-flag=EnableUnityConnect --engine-modules-asset-file="C:/Program Files/Unity/Hub/Editor/2019.2.12f1/Editor/Data/PlaybackEngines/WebGLSupport/Whitelists/../modules.asset"
C:\Program Files\Unity\Hub\Editor\2019.2.12f1\Editor\Data\il2cpp\build/UnityLinker.exe exited after 5209 ms.
C:\Program Files\Unity\Hub\Editor\2019.2.12f1\Editor\Data\Tools/InternalCallRegistrationWriter/InternalCallRegistrationWriter.exe exited after 356 ms.
DisplayProgressbar: Fetching assembly references
DisplayProgressbar: Building Player
Invoking UnityLinker with arguments: -out=D:/PROJECTS/BuildTest/Temp/StagingArea/Data/Managed/tempStrip -x="C:/Program Files/Unity/Hub/Editor/2019.2.12f1/Editor/Data/PlaybackEngines/WebGLSupport/Whitelists/Core.xml" -x=D:/PROJECTS/BuildTest/Temp/StagingArea/Data/Managed/TypesInScenes.xml -x="C:/Program Files/Unity/Hub/Editor/2019.2.12f1/Editor/Data/PlaybackEngines/WebGLSupport/Whitelists/Animation.xml" -x="C:/Program Files/Unity/Hub/Editor/2019.2.12f1/Editor/Data/PlaybackEngines/WebGLSupport/Whitelists/Audio.xml" -x="C:/Program Files/Unity/Hub/Editor/2019.2.12f1/Editor/Data/PlaybackEngines/WebGLSupport/Whitelists/Core.xml" -x="C:/Program Files/Unity/Hub/Editor/2019.2.12f1/Editor/Data/PlaybackEngines/WebGLSupport/Whitelists/TextRendering.xml" -x="C:/Program Files/Unity/Hub/Editor/2019.2.12f1/Editor/Data/PlaybackEngines/WebGLSupport/Whitelists/UI.xml" -x="C:/Program Files/Unity/Hub/Editor/2019.2.12f1/Editor/Data/PlaybackEngines/WebGLSupport/Whitelists/UnityConnect.xml" -x="C:/Program Files/Unity/Hub/Editor/2019.2.12f1/Editor/Data/PlaybackEngines/WebGLSupport/Whitelists/IMGUI.xml" -x="C:/Program Files/Unity/Hub/Editor/2019.2.12f1/Editor/Data/PlaybackEngines/WebGLSupport/Whitelists/InputLegacy.xml" -x="C:/Program Files/Unity/Hub/Editor/2019.2.12f1/Editor/Data/PlaybackEngines/WebGLSupport/Whitelists/SharedInternals.xml" -x="C:/Program Files/Unity/Hub/Editor/2019.2.12f1/Editor/Data/PlaybackEngines/WebGLSupport/Whitelists/UnityAnalytics.xml" -x="C:/Program Files/Unity/Hub/Editor/2019.2.12f1/Editor/Data/PlaybackEngines/WebGLSupport/Whitelists/TLS.xml" -x="C:/Program Files/Unity/Hub/Editor/2019.2.12f1/Editor/Data/PlaybackEngines/WebGLSupport/Whitelists/WebGL.xml" -x="C:/Program Files/Unity/Hub/Editor/2019.2.12f1/Editor/Data/PlaybackEngines/WebGLSupport/Whitelists/UnityWebRequest.xml" -x="C:/Program Files/Unity/Hub/Editor/2019.2.12f1/Editor/Data/PlaybackEngines/WebGLSupport/Whitelists/JSONSerialize.xml" -d=D:/PROJECTS/BuildTest/Temp/StagingArea/Data/Managed --include-unity-root-assembly=D:/PROJECTS/BuildTest/Temp/StagingArea/Data/Managed/UnityEngine.UI.dll --dotnetruntime=il2cpp --dotnetprofile=unityaot --use-editor-options --include-directory=D:/PROJECTS/BuildTest/Temp/StagingArea/Data/Managed --rule-set=Conservative --editor-data-file=D:/PROJECTS/BuildTest/Temp/StagingArea/Data/Managed/EditorToUnityLinkerData.json --disable-engine-module-support --enable-engine-module-stripping --engine-stripping-flag=EnableUnityConnect --engine-modules-asset-file="C:/Program Files/Unity/Hub/Editor/2019.2.12f1/Editor/Data/PlaybackEngines/WebGLSupport/Whitelists/../modules.asset"
C:\Program Files\Unity\Hub\Editor\2019.2.12f1\Editor\Data\il2cpp\build/UnityLinker.exe exited after 4835 ms.
C:\Program Files\Unity\Hub\Editor\2019.2.12f1\Editor\Data\Tools/InternalCallRegistrationWriter/InternalCallRegistrationWriter.exe exited after 366 ms.
DisplayProgressbar: Fetching assembly references
DisplayProgressbar: Building Player
Invoking il2cpp with arguments: --convert-to-cpp --dotnetprofile="unityaot" --compile-cpp --libil2cpp-static --platform="WebGL" --architecture="EmscriptenJavaScript" --configuration="Release" --outputpath="D:\PROJECTS\BuildTest\Assets /../Temp/StagingArea/Data\Native\build.bc" --cachedirectory="D:\PROJECTS\BuildTest\Assets\..\Library/il2cpp_cache" --compiler-flags="-Oz -DIL2CPP_EXCEPTION_DISABLED=1 " --emit-method-map --additional-libraries="C:/Program Files/Unity/Hub/Editor/2019.2.12f1/Editor/Data/PlaybackEngines/WebGLSupport\BuildTools\lib\modules\WebGLSupport_AccessibilityModule_Dynamic.bc" --additional-libraries="C:/Program Files/Unity/Hub/Editor/2019.2.12f1/Editor/Data/PlaybackEngines/WebGLSupport\BuildTools\lib\modules\WebGLSupport_AIModule_Dynamic.bc" --additional-libraries="C:/Program Files/Unity/Hub/Editor/2019.2.12f1/Editor/Data/PlaybackEngines/WebGLSupport\BuildTools\lib\modules\WebGLSupport_AndroidJNIModule_Dynamic.bc" --additional-libraries="C:/Program Files/Unity/Hub/Editor/2019.2.12f1/Editor/Data/PlaybackEngines/WebGLSupport\BuildTools\lib\modules\WebGLSupport_AnimationModule_Dynamic.bc" --additional-libraries="C:/Program Files/Unity/Hub/Editor/2019.2.12f1/Editor/Data/PlaybackEngines/WebGLSupport\BuildTools\lib\modules\WebGLSupport_ARModule_Dynamic.bc" --additional-libraries="C:/Program Files/Unity/Hub/Editor/2019.2.12f1/Editor/Data/PlaybackEngines/WebGLSupport\BuildTools\lib\modules\WebGLSupport_AssetBundleModule_Dynamic.bc" --additional-libraries="C:/Program Files/Unity/Hub/Editor/2019.2.12f1/Editor/Data/PlaybackEngines/WebGLSupport\BuildTools\lib\modules\WebGLSupport_AudioModule_Dynamic.bc" --additional-libraries="C:/Program Files/Unity/Hub/Editor/2019.2.12f1/Editor/Data/PlaybackEngines/WebGLSupport\BuildTools\lib\modules\WebGLSupport_ClothModule_Dynamic.bc" --additional-libraries="C:/Program Files/Unity/Hub/Editor/2019.2.12f1/Editor/Data/PlaybackEngines/WebGLSupport\BuildTools\lib\modules\WebGLSupport_CoreModule_Dynamic.bc" --additional-libraries="C:/Program Files/Unity/Hub/Editor/2019.2.12f1/Editor/Data/PlaybackEngines/WebGLSupport\BuildTools\lib\modules\WebGLSupport_CrashReportingModule_Dynamic.bc" --additional-libraries="C:/Program Files/Unity/Hub/Editor/2019.2.12f1/Editor/Data/PlaybackEngines/WebGLSupport\BuildTools\lib\modules\WebGLSupport_DirectorModule_Dynamic.bc" --additional-libraries="C:/Program Files/Unity/Hub/Editor/2019.2.12f1/Editor/Data/PlaybackEngines/WebGLSupport\BuildTools\lib\modules\WebGLSupport_DSPGraphModule_Dynamic.bc" --additional-libraries="C:/Program Files/Unity/Hub/Editor/2019.2.12f1/Editor/Data/PlaybackEngines/WebGLSupport\BuildTools\lib\modules\WebGLSupport_FileSystemHttpModule_Dynamic.bc" --additional-libraries="C:/Program Files/Unity/Hub/Editor/2019.2.12f1/Editor/Data/PlaybackEngines/WebGLSupport\BuildTools\lib\modules\WebGLSupport_GameCenterModule_Dynamic.bc" --additional-libraries="C:/Program Files/Unity/Hub/Editor/2019.2.12f1/Editor/Data/PlaybackEngines/WebGLSupport\BuildTools\lib\modules\WebGLSupport_GridModule_Dynamic.bc" --additional-libraries="C:/Program Files/Unity/Hub/Editor/2019.2.12f1/Editor/Data/PlaybackEngines/WebGLSupport\BuildTools\lib\modules\WebGLSupport_HotReloadModule_Dynamic.bc" --additional-libraries="C:/Program Files/Unity/Hub/Editor/2019.2.12f1/Editor/Data/PlaybackEngines/WebGLSupport\BuildTools\lib\modules\WebGLSupport_ImageConversionModule_Dynamic.bc" --additional-libraries="C:/Program Files/Unity/Hub/Editor/2019.2.12f1/Editor/Data/PlaybackEngines/WebGLSupport\BuildTools\lib\modules\WebGLSupport_IMGUIModule_Dynamic.bc" --additional-libraries="C:/Program Files/Unity/Hub/Editor/2019.2.12f1/Editor/Data/PlaybackEngines/WebGLSupport\BuildTools\lib\modules\WebGLSupport_InputLegacyModule_Dynamic.bc" --additional-libraries="C:/Program Files/Unity/Hub/Editor/2019.2.12f1/Editor/Data/PlaybackEngines/WebGLSupport\BuildTools\lib\modules\WebGLSupport_InputModule_Dynamic.bc" --additional-libraries="C:/Program Files/Unity/Hub/Editor/2019.2.12f1/Editor/Data/PlaybackEngines/WebGLSupport\BuildTools\lib\modules\WebGLSupport_JSONSerializeModule_Dynamic.bc" --additional-libraries="C:/Program Files/Unity/Hub/Editor/2019.2.12f1/Editor/Data/PlaybackEngines/WebGLSupport\BuildTools\lib\modules\WebGLSupport_LocalizationModule_Dynamic.bc" --additional-libraries="C:/Program Files/Unity/Hub/Editor/2019.2.12f1/Editor/Data/PlaybackEngines/WebGLSupport\BuildTools\lib\modules\WebGLSupport_ParticleSystemModule_Dynamic.bc" --additional-libraries="C:/Program Files/Unity/Hub/Editor/2019.2.12f1/Editor/Data/PlaybackEngines/WebGLSupport\BuildTools\lib\modules\WebGLSupport_PerformanceReportingModule_Dynamic.bc" --additional-libraries="C:/Program Files/Unity/Hub/Editor/2019.2.12f1/Editor/Data/PlaybackEngines/WebGLSupport\BuildTools\lib\modules\WebGLSupport_Physics2DModule_Dynamic.bc" --additional-libraries="C:/Program Files/Unity/Hub/Editor/2019.2.12f1/Editor/Data/PlaybackEngines/WebGLSupport\BuildTools\lib\modules\WebGLSupport_PhysicsModule_Dynamic.bc" --additional-libraries="C:/Program Files/Unity/Hub/Editor/2019.2.12f1/Editor/Data/PlaybackEngines/WebGLSupport\BuildTools\lib\modules\WebGLSupport_ProfilerModule_Dynamic.bc" --additional-libraries="C:/Program Files/Unity/Hub/Editor/2019.2.12f1/Editor/Data/PlaybackEngines/WebGLSupport\BuildTools\lib\modules\WebGLSupport_ScreenCaptureModule_Dynamic.bc" --additional-libraries="C:/Program Files/Unity/Hub/Editor/2019.2.12f1/Editor/Data/PlaybackEngines/WebGLSupport\BuildTools\lib\modules\WebGLSupport_SharedInternalsModule_Dynamic.bc" --additional-libraries="C:/Program Files/Unity/Hub/Editor/2019.2.12f1/Editor/Data/PlaybackEngines/WebGLSupport\BuildTools\lib\modules\WebGLSupport_SpriteMaskModule_Dynamic.bc" --additional-libraries="C:/Program Files/Unity/Hub/Editor/2019.2.12f1/Editor/Data/PlaybackEngines/WebGLSupport\BuildTools\lib\modules\WebGLSupport_SpriteShapeModule_Dynamic.bc" --additional-libraries="C:/Program Files/Unity/Hub/Editor/2019.2.12f1/Editor/Data/PlaybackEngines/WebGLSupport\BuildTools\lib\modules\WebGLSupport_StreamingModule_Dynamic.bc" --additional-libraries="C:/Program Files/Unity/Hub/Editor/2019.2.12f1/Editor/Data/PlaybackEngines/WebGLSupport\BuildTools\lib\modules\WebGLSupport_SubstanceModule_Dynamic.bc" --additional-libraries="C:/Program Files/Unity/Hub/Editor/2019.2.12f1/Editor/Data/PlaybackEngines/WebGLSupport\BuildTools\lib\modules\WebGLSupport_TerrainModule_Dynamic.bc" --additional-libraries="C:/Program Files/Unity/Hub/Editor/2019.2.12f1/Editor/Data/PlaybackEngines/WebGLSupport\BuildTools\lib\modules\WebGLSupport_TerrainPhysicsModule_Dynamic.bc" --additional-libraries="C:/Program Files/Unity/Hub/Editor/2019.2.12f1/Editor/Data/PlaybackEngines/WebGLSupport\BuildTools\lib\modules\WebGLSupport_TextCoreModule_Dynamic.bc" --additional-libraries="C:/Program Files/Unity/Hub/Editor/2019.2.12f1/Editor/Data/PlaybackEngines/WebGLSupport\BuildTools\lib\modules\WebGLSupport_TextRenderingModule_Dynamic.bc" --additional-libraries="C:/Program Files/Unity/Hub/Editor/2019.2.12f1/Editor/Data/PlaybackEngines/WebGLSupport\BuildTools\lib\modules\WebGLSupport_TilemapModule_Dynamic.bc" --additional-libraries="C:/Program Files/Unity/Hub/Editor/2019.2.12f1/Editor/Data/PlaybackEngines/WebGLSupport\BuildTools\lib\modules\WebGLSupport_TLSModule_Dynamic.bc" --additional-libraries="C:/Program Files/Unity/Hub/Editor/2019.2.12f1/Editor/Data/PlaybackEngines/WebGLSupport\BuildTools\lib\modules\WebGLSupport_UIElementsModule_Dynamic.bc" --additional-libraries="C:/Program Files/Unity/Hub/Editor/2019.2.12f1/Editor/Data/PlaybackEngines/WebGLSupport\BuildTools\lib\modules\WebGLSupport_UIModule_Dynamic.bc" --additional-libraries="C:/Program Files/Unity/Hub/Editor/2019.2.12f1/Editor/Data/PlaybackEngines/WebGLSupport\BuildTools\lib\modules\WebGLSupport_UmbraModule_Dynamic.bc" --additional-libraries="C:/Program Files/Unity/Hub/Editor/2019.2.12f1/Editor/Data/PlaybackEngines/WebGLSupport\BuildTools\lib\modules\WebGLSupport_UNETModule_Dynamic.bc" --additional-libraries="C:/Program Files/Unity/Hub/Editor/2019.2.12f1/Editor/Data/PlaybackEngines/WebGLSupport\BuildTools\lib\modules\WebGLSupport_UnityAnalyticsModule_Dynamic.bc" --additional-libraries="C:/Program Files/Unity/Hub/Editor/2019.2.12f1/Editor/Data/PlaybackEngines/WebGLSupport\BuildTools\lib\modules\WebGLSupport_UnityConnectModule_Dynamic.bc" --additional-libraries="C:/Program Files/Unity/Hub/Editor/2019.2.12f1/Editor/Data/PlaybackEngines/WebGLSupport\BuildTools\lib\modules\WebGLSupport_UnityTestProtocolModule_Dynamic.bc" --additional-libraries="C:/Program Files/Unity/Hub/Editor/2019.2.12f1/Editor/Data/PlaybackEngines/WebGLSupport\BuildTools\lib\modules\WebGLSupport_UnityWebRequestAssetBundleModule_Dynamic.bc" --additional-libraries="C:/Program Files/Unity/Hub/Editor/2019.2.12f1/Editor/Data/PlaybackEngines/WebGLSupport\BuildTools\lib\modules\WebGLSupport_UnityWebRequestAudioModule_Dynamic.bc" --additional-libraries="C:/Program Files/Unity/Hub/Editor/2019.2.12f1/Editor/Data/PlaybackEngines/WebGLSupport\BuildTools\lib\modules\WebGLSupport_UnityWebRequestModule_Dynamic.bc" --additional-libraries="C:/Program Files/Unity/Hub/Editor/2019.2.12f1/Editor/Data/PlaybackEngines/WebGLSupport\BuildTools\lib\modules\WebGLSupport_UnityWebRequestTextureModule_Dynamic.bc" --additional-libraries="C:/Program Files/Unity/Hub/Editor/2019.2.12f1/Editor/Data/PlaybackEngines/WebGLSupport\BuildTools\lib\modules\WebGLSupport_UnityWebRequestWWWModule_Dynamic.bc" --additional-libraries="C:/Program Files/Unity/Hub/Editor/2019.2.12f1/Editor/Data/PlaybackEngines/WebGLSupport\BuildTools\lib\modules\WebGLSupport_VehiclesModule_Dynamic.bc" --additional-libraries="C:/Program Files/Unity/Hub/Editor/2019.2.12f1/Editor/Data/PlaybackEngines/WebGLSupport\BuildTools\lib\modules\WebGLSupport_VFXModule_Dynamic.bc" --additional-libraries="C:/Program Files/Unity/Hub/Editor/2019.2.12f1/Editor/Data/PlaybackEngines/WebGLSupport\BuildTools\lib\modules\WebGLSupport_VideoModule_Dynamic.bc" --additional-libraries="C:/Program Files/Unity/Hub/Editor/2019.2.12f1/Editor/Data/PlaybackEngines/WebGLSupport\BuildTools\lib\modules\WebGLSupport_VRModule_Dynamic.bc" --additional-libraries="C:/Program Files/Unity/Hub/Editor/2019.2.12f1/Editor/Data/PlaybackEngines/WebGLSupport\BuildTools\lib\modules\WebGLSupport_WebGLModule_Dynamic.bc" --additional-libraries="C:/Program Files/Unity/Hub/Editor/2019.2.12f1/Editor/Data/PlaybackEngines/WebGLSupport\BuildTools\lib\modules\WebGLSupport_WindModule_Dynamic.bc" --additional-libraries="C:/Program Files/Unity/Hub/Editor/2019.2.12f1/Editor/Data/PlaybackEngines/WebGLSupport\BuildTools\lib\modules\WebGLSupport_XRModule_Dynamic.bc" --profiler-report --map-file-parser="C:/Program Files/Unity/Hub/Editor/2019.2.12f1/Editor/Data/Tools/MapFileParser/MapFileParser.exe" --directory=D:/PROJECTS/BuildTest/Temp/StagingArea/Data/Managed --generatedcppdir=D:/PROJECTS/BuildTest/Temp/StagingArea/Data/il2cppOutput 
C:\Program Files\Unity\Hub\Editor\2019.2.12f1\Editor\Data\il2cpp/build/il2cpp.exe exited after 21253 ms.
DisplayProgressbar: Scripting
DisplayProgressbar: Files
DisplayProgressbar: Compress
Filename: C:/Program Files/Unity/Hub/Editor/2019.2.12f1/Editor/Data\Tools\7z.exe
Arguments: a -tgzip "D:\PROJECTS\BuildTest\Temp\StagingArea\Data\Output\Build\v1.data.unityweb.compressed" "D:\PROJECTS\BuildTest\Temp\StagingArea\Data\Output\Build\v1.data.unityweb"
index: -1
Filename: C:/Program Files/Unity/Hub/Editor/2019.2.12f1/Editor/Data\Tools\7z.exe
Arguments: a -tgzip "D:\PROJECTS\BuildTest\Temp\StagingArea\Data\Output\Build\v1.wasm.code.unityweb.compressed" "D:\PROJECTS\BuildTest\Temp\StagingArea\Data\Output\Build\v1.wasm.code.unityweb"
index: -1
Filename: C:/Program Files/Unity/Hub/Editor/2019.2.12f1/Editor/Data\Tools\7z.exe
Arguments: a -tgzip "D:\PROJECTS\BuildTest\Temp\StagingArea\Data\Output\Build\v1.wasm.framework.unityweb.compressed" "D:\PROJECTS\BuildTest\Temp\StagingArea\Data\Output\Build\v1.wasm.framework.unityweb"
index: -1
DisplayProgressbar: Files
DisplayProgressbar: Building Player

-------------------------------------------------------------------------------
Build Report
Uncompressed usage by category (Percentages based on user generated assets only):
Textures               0.0 kb	 0.0% 
Meshes                 0.0 kb	 0.0% 
Animations             0.0 kb	 0.0% 
Sounds                 0.0 kb	 0.0% 
Shaders                0.0 kb	 0.0% 
Other Assets           0.6 kb	 0.0% 
Levels                 5.6 kb	 0.0% 
Scripts                687.8 kb	 4.8% 
Included DLLs          13.3 mb	 95.1% 
File headers           12.2 kb	 0.1% 
Total User Assets      14.0 mb	 100.0% 
Complete build size    18.7 mb
Used Assets and files from the Resources folder, sorted by uncompressed size:
 0.3 kb	 0.0% Resources/unity_builtin_extra
 0.2 kb	 0.0% Packages/com.unity.timeline/Runtime/AssetUpgrade/AnimationPlayableAssetUpgrade.cs
 0.2 kb	 0.0% Packages/com.unity.test-framework/UnityEngine.TestRunner/NUnitExtensions/Runner/RestoreTestContextAfterDomainReload.cs
 0.2 kb	 0.0% Packages/com.unity.ugui/Tests/Runtime/Canvas/RectMask2DWithNestedCanvasCullsUsingCorrectCanvasRect.cs
 0.2 kb	 0.0% Packages/com.unity.test-framework/UnityEngine.TestRunner/NUnitExtensions/Runner/UnityLogCheckDelegatingCommand.cs
 0.2 kb	 0.0% Packages/com.unity.test-framework/UnityEngine.TestRunner/NUnitExtensions/Runner/UnityTestExecutionContext.cs
 0.2 kb	 0.0% Packages/com.unity.test-framework/UnityEngine.TestRunner/NUnitExtensions/Commands/EnumerableApplyChangesToContextCommand.cs
 0.2 kb	 0.0% Packages/com.unity.test-framework/UnityEngine.TestRunner/Utils/Vector4ComparerWithEqualsOperator.cs
 0.2 kb	 0.0% Packages/com.unity.test-framework/UnityEngine.TestRunner/Utils/Vector3ComparerWithEqualsOperator.cs
 0.2 kb	 0.0% Packages/com.unity.test-framework/UnityEngine.TestRunner/Utils/Vector2ComparerWithEqualsOperator.cs
 0.2 kb	 0.0% Packages/com.unity.test-framework/UnityEngine.TestRunner/TestRunner/RemoteHelpers/RemoteTestResultDataWithTestData.cs
 0.2 kb	 0.0% Packages/com.unity.test-framework/UnityEngine.TestRunner/TestRunner/Callbacks/TestResultRendererCallback.cs
 0.2 kb	 0.0% Packages/com.unity.test-framework/UnityEngine.TestRunner/TestRunner/PlaymodeTestsControllerSettings.cs
 0.2 kb	 0.0% Packages/com.unity.test-framework/UnityEngine.TestRunner/NUnitExtensions/Runner/UnityWorkItemDataHolder.cs
 0.2 kb	 0.0% Packages/com.unity.test-framework/UnityEngine.TestRunner/NUnitExtensions/Runner/UnityTestAssemblyRunner.cs
 0.2 kb	 0.0% Packages/com.unity.test-framework/UnityEngine.TestRunner/NUnitExtensions/Runner/PlaymodeWorkItemFactory.cs
 0.2 kb	 0.0% Packages/com.unity.test-framework/UnityEngine.TestRunner/NUnitExtensions/Runner/CoroutineTestWorkItem.cs
 0.2 kb	 0.0% Packages/com.unity.test-framework/UnityEngine.TestRunner/NUnitExtensions/Filters/CategoryFilterExtended.cs
 0.2 kb	 0.0% Packages/com.unity.test-framework/UnityEngine.TestRunner/Assertions/UnexpectedLogMessageException.cs
 0.2 kb	 0.0% Packages/com.unity.test-framework/UnityEngine.TestRunner/TestRunner/RemoteHelpers/RemoteTestResultDataFactory.cs
 0.2 kb	 0.0% Packages/com.unity.test-framework/UnityEngine.TestRunner/TestRunner/RemoteHelpers/PlayerConnectionMessageIds.cs
 0.2 kb	 0.0% Packages/com.unity.test-framework/UnityEngine.TestRunner/TestRunner/Callbacks/RemoteTestResultSender.cs
 0.2 kb	 0.0% Packages/com.unity.test-framework/UnityEngine.TestRunner/TestRunner/Callbacks/PlayModeRunnerCallback.cs
 0.2 kb	 0.0% Packages/com.unity.test-framework/UnityEngine.TestRunner/Assertions/AllocatingGCMemoryConstraint.cs
 0.1 kb	 0.0% Packages/com.unity.test-framework/UnityEngine.TestRunner/NUnitExtensions/UnityTestAssemblyBuilder.cs
 0.1 kb	 0.0% Packages/com.unity.test-framework/UnityEngine.TestRunner/NUnitExtensions/Runner/DefaultTestWorkItem.cs
 0.1 kb	 0.0% Packages/com.unity.test-framework/UnityEngine.TestRunner/NUnitExtensions/Runner/CompositeWorkItem.cs
 0.1 kb	 0.0% Packages/com.unity.test-framework/UnityEngine.TestRunner/NUnitExtensions/Filters/AssemblyNameFilter.cs
 0.1 kb	 0.0% Packages/com.unity.test-framework/UnityEngine.TestRunner/NUnitExtensions/Commands/EnumerableSetUpTearDownCommand.cs
 0.1 kb	 0.0% Packages/com.unity.test-framework/UnityEngine.TestRunner/Assertions/UnityTestTimeoutException.cs
 0.1 kb	 0.0% Packages/com.unity.test-framework/UnityEngine.TestRunner/Assertions/UnhandledLogMessageException.cs
 0.1 kb	 0.0% Packages/com.unity.test-framework/UnityEngine.TestRunner/Assertions/InvalidSignatureException.cs
 0.1 kb	 0.0% Packages/com.unity.ugui/Tests/Runtime/Canvas/CanvasScalerWithChildTextObjectDoesNotCrash.cs
 0.1 kb	 0.0% Packages/com.unity.test-framework/UnityEngine.TestRunner/Utils/QuaternionEqualityComparer.cs
 0.1 kb	 0.0% Packages/com.unity.test-framework/UnityEngine.TestRunner/Utils/AssemblyProvider/PlayerTestAssemblyProvider.cs
 0.1 kb	 0.0% Packages/com.unity.test-framework/UnityEngine.TestRunner/TestRunner/Callbacks/TestResultRenderer.cs
 0.1 kb	 0.0% Packages/com.unity.test-framework/UnityEngine.TestRunner/Utils/PostBuildCleanupAttribute.cs
 0.1 kb	 0.0% Packages/com.unity.test-framework/UnityEngine.TestRunner/TestRunner/TestEnumeratorWrapper.cs
 0.1 kb	 0.0% Packages/com.unity.test-framework/UnityEngine.TestRunner/TestRunner/PlaymodeTestsController.cs
 0.1 kb	 0.0% Packages/com.unity.test-framework/UnityEngine.TestRunner/NUnitExtensions/TestResultExtensions.cs
 0.1 kb	 0.0% Packages/com.unity.test-framework/UnityEngine.TestRunner/NUnitExtensions/Runner/WorkItemFactory.cs
 0.1 kb	 0.0% Packages/com.unity.test-framework/UnityEngine.TestRunner/NUnitExtensions/Runner/UnityWorkItem.cs
 0.1 kb	 0.0% Packages/com.unity.test-framework/UnityEngine.TestRunner/NUnitExtensions/ConstructDelegator.cs
 0.1 kb	 0.0% Packages/com.unity.test-framework/UnityEngine.TestRunner/NUnitExtensions/Commands/OuterUnityTestActionCommand.cs
 0.1 kb	 0.0% Packages/com.unity.test-framework/UnityEngine.TestRunner/NUnitExtensions/Commands/ImmediateEnumerableCommand.cs
 0.1 kb	 0.0% Packages/com.unity.test-framework/UnityEngine.TestRunner/NUnitExtensions/Commands/EnumerableTestMethodCommand.cs
 0.1 kb	 0.0% Packages/com.unity.test-framework/UnityEngine.TestRunner/NUnitExtensions/Commands/BeforeAfterTestCommandState.cs
 0.1 kb	 0.0% Packages/com.unity.test-framework/UnityEngine.TestRunner/NUnitExtensions/Attributes/UnityCombinatorialStrategy.cs
 0.1 kb	 0.0% Packages/com.unity.ugui/Tests/Runtime/NestedLayout/SceneWithNestedLayoutElementsLoadScript.cs
 0.1 kb	 0.0% Packages/com.unity.ugui/Tests/Runtime/EventSystem/GraphicRaycasterWorldSpaceCanvasTests.cs
 0.1 kb	 0.0% Packages/com.unity.ugui/Tests/Runtime/Canvas/NoActiveCameraInSceneDoesNotCrashEditor.cs
 0.1 kb	 0.0% Packages/com.unity.ugui/Tests/Runtime/Canvas/CanvasSizeCorrectInAwakeAndStartScript.cs
 0.1 kb	 0.0% Packages/com.unity.timeline/Runtime/AssetUpgrade/AnimationTrackUpgrade.cs
 0.1 kb	 0.0% Packages/com.unity.timeline/Runtime/Animation/AnimationOutputWeightProcessor.cs
 0.1 kb	 0.0% Packages/com.unity.test-framework/UnityEngine.TestRunner/Utils/Vector4EqualityComparer.cs
 0.1 kb	 0.0% Packages/com.unity.test-framework/UnityEngine.TestRunner/Utils/Vector3EqualityComparer.cs
 0.1 kb	 0.0% Packages/com.unity.test-framework/UnityEngine.TestRunner/Utils/Vector2EqualityComparer.cs
 0.1 kb	 0.0% Packages/com.unity.test-framework/UnityEngine.TestRunner/Utils/FloatEqualityComparer.cs
 0.1 kb	 0.0% Packages/com.unity.test-framework/UnityEngine.TestRunner/Utils/ColorEqualityComparer.cs
 0.1 kb	 0.0% Packages/com.unity.test-framework/UnityEngine.TestRunner/Utils/AssemblyProvider/ScriptingRuntimeProxy.cs
 0.1 kb	 0.0% Packages/com.unity.test-framework/UnityEngine.TestRunner/TestRunner/RemoteHelpers/RemoteTestResultData.cs
 0.1 kb	 0.0% Packages/com.unity.ugui/Runtime/UI/Core/Layout/HorizontalOrVerticalLayoutGroup.cs
 0.1 kb	 0.0% Packages/com.unity.test-framework/UnityEngine.TestRunner/TestRunner/TestListenerWrapper.cs
 0.1 kb	 0.0% Packages/com.unity.test-framework/UnityEngine.TestRunner/NUnitExtensions/TestExtensions.cs
 0.1 kb	 0.0% Packages/com.unity.test-framework/UnityEngine.TestRunner/NUnitExtensions/Runner/FailCommand.cs
 0.1 kb	 0.0% Packages/com.unity.test-framework/UnityEngine.TestRunner/NUnitExtensions/BaseDelegator.cs
 0.1 kb	 0.0% Packages/com.unity.test-framework/UnityEngine.TestRunner/NUnitExtensions/Attributes/UnityTearDownAttribute.cs
 0.1 kb	 0.0% Packages/com.unity.test-framework/UnityEngine.TestRunner/NUnitExtensions/Attributes/UnityPlatformAttribute.cs
 0.1 kb	 0.0% Packages/com.unity.test-framework/UnityEngine.TestRunner/NUnitExtensions/ActionDelegator.cs
 0.1 kb	 0.0% Packages/com.unity.ugui/Tests/Runtime/NestedLayout/SceneWithNestedLayoutElementsLoads.cs
 0.1 kb	 0.0% Packages/com.unity.ugui/Tests/Runtime/Canvas/CoroutineWorksIfUIObjectIsAttached.cs
 0.1 kb	 0.0% Packages/com.unity.timeline/Runtime/Playables/TimeNotificationBehaviour.cs
 0.1 kb	 0.0% Packages/com.unity.timeline/Runtime/Playables/ActivationControlPlayable.cs
 0.1 kb	 0.0% Packages/com.unity.test-framework/UnityEngine.TestRunner/Utils/AssemblyProvider/AssemblyLoadProxy.cs
 0.1 kb	 0.0% Packages/com.unity.test-framework/UnityEngine.TestRunner/TestRunner/TestRunnerFilter.cs
 0.1 kb	 0.0% Packages/com.unity.test-framework/UnityEngine.TestRunner/TestRunner/RemoteHelpers/RemoteTestData.cs
 0.1 kb	 0.0% Packages/com.unity.ugui/Tests/Runtime/Util/UIBehaviourExtensions.cs
 0.1 kb	 0.0% Packages/com.unity.ugui/Runtime/EventSystem/InputModules/StandaloneInputModule.cs
 0.1 kb	 0.0% Packages/com.unity.test-framework/UnityEngine.TestRunner/TestRunner/Messages/IEditModeTestYieldInstruction.cs
 0.1 kb	 0.0% Packages/com.unity.test-framework/UnityEngine.TestRunner/NUnitExtensions/Commands/TestCommandPcHelper.cs
 0.1 kb	 0.0% Packages/com.unity.test-framework/UnityEngine.TestRunner/NUnitExtensions/Commands/TestActionCommand.cs
 0.1 kb	 0.0% Packages/com.unity.test-framework/UnityEngine.TestRunner/NUnitExtensions/Commands/SetUpTearDownCommand.cs
 0.1 kb	 0.0% Packages/com.unity.test-framework/UnityEngine.TestRunner/NUnitExtensions/Attributes/UnityTestAttribute.cs
 0.1 kb	 0.0% Packages/com.unity.test-framework/UnityEngine.TestRunner/NUnitExtensions/Attributes/UnitySetUpAttribute.cs
 0.1 kb	 0.0% Packages/com.unity.ugui/Tests/Runtime/Canvas/RectTransformValidAfterEnable.cs
 0.1 kb	 0.0% Packages/com.unity.ugui/Tests/Runtime/Canvas/NestedCanvasMaintainsCorrectSize.cs
 0.1 kb	 0.0% Packages/com.unity.ugui/Tests/Runtime/Canvas/CheckMeshColorsAndColors32Match.cs
 0.1 kb	 0.0% Packages/com.unity.ugui/Tests/Runtime/Canvas/CanvasSizeCorrectInAwakeAndStart.cs
 0.1 kb	 0.0% Packages/com.unity.ugui/Tests/Runtime/Canvas/BridgeScriptForRetainingObjects.cs
 0.1 kb	 0.0% Packages/com.unity.timeline/Tests/PlayMode/TimelinePlaymodeTests.cs
 0.1 kb	 0.0% Packages/com.unity.timeline/Runtime/Utilities/TimelineCreateUtilities.cs
 0.1 kb	 0.0% Packages/com.unity.timeline/Runtime/Utilities/NotificationUtilities.cs
 0.1 kb	 0.0% Packages/com.unity.timeline/Runtime/Playables/PrefabControlPlayable.cs
 0.1 kb	 0.0% Packages/com.unity.timeline/Runtime/Playables/ParticleControlPlayable.cs
 0.1 kb	 0.0% Packages/com.unity.timeline/Runtime/Playables/DirectorControlPlayable.cs
 0.1 kb	 0.0% Packages/com.unity.timeline/Runtime/Events/Signals/CustomSignalEventDrawer.cs
 0.1 kb	 0.0% Packages/com.unity.timeline/Runtime/Animation/AnimationPlayableAsset.cs
 0.1 kb	 0.0% Packages/com.unity.timeline/Runtime/Activation/ActivationPlayableAsset.cs
 0.1 kb	 0.0% Packages/com.unity.timeline/Runtime/Activation/ActivationMixerPlayable.cs
 0.1 kb	 0.0% Packages/com.unity.textmeshpro/Scripts/Runtime/TMP_ScrollbarEventHandler.cs
 0.1 kb	 0.0% Packages/com.unity.textmeshpro/Scripts/Runtime/TMP_PackageResourceImporter.cs
 0.1 kb	 0.0% Packages/com.unity.textmeshpro/Scripts/Runtime/TMP_EditorResourceManager.cs
 0.1 kb	 0.0% Packages/com.unity.test-framework/UnityEngine.TestRunner/Utils/CoroutineRunner.cs
 0.1 kb	 0.0% Packages/com.unity.test-framework/UnityEngine.TestRunner/Utils/AssemblyProvider/AssemblyWrapper.cs
 0.1 kb	 0.0% Packages/com.unity.ugui/Tests/Runtime/Util/GraphicTestHelper.cs
 0.1 kb	 0.0% Packages/com.unity.ugui/Tests/Runtime/Util/ExceptionUtils.cs
 0.1 kb	 0.0% Packages/com.unity.ugui/Tests/Runtime/Layout/VerticalLayoutGroupTests.cs
 0.1 kb	 0.0% Packages/com.unity.ugui/Tests/Runtime/Layout/ContentSizeFitterTests.cs
 0.1 kb	 0.0% Packages/com.unity.ugui/Runtime/UI/Core/Utility/ReflectionMethodsCache.cs
 0.1 kb	 0.0% Packages/com.unity.ugui/Runtime/UI/Core/MultipleDisplayUtilities.cs
 0.1 kb	 0.0% Packages/com.unity.ugui/Runtime/UI/Core/Layout/HorizontalLayoutGroup.cs
 0.1 kb	 0.0% Packages/com.unity.ugui/Runtime/UI/Core/GraphicRebuildTracker.cs
 0.1 kb	 0.0% Packages/com.unity.ugui/Runtime/UI/Core/Culling/RectangularVertexClipper.cs
 0.1 kb	 0.0% Packages/com.unity.ugui/Runtime/EventSystem/Raycasters/Physics2DRaycaster.cs
 0.1 kb	 0.0% Packages/com.unity.ugui/Runtime/EventSystem/InputModules/PointerInputModule.cs
 0.1 kb	 0.0% Packages/com.unity.test-framework/UnityEngine.TestRunner/Utils/PrebuildSceneSetupAttribute.cs
 0.1 kb	 0.0% Packages/com.unity.test-framework/UnityEngine.TestRunner/Utils/AttributeHelper.cs
 0.1 kb	 0.0% Packages/com.unity.test-framework/UnityEngine.TestRunner/TestRunner/RemoteHelpers/IRemoteTestResultDataFactory.cs
 0.1 kb	 0.0% Packages/com.unity.test-framework/UnityEngine.TestRunner/NUnitExtensions/Runner/IEnumerableTestMethodCommand.cs
 0.1 kb	 0.0% Packages/com.unity.test-framework/UnityEngine.TestRunner/NUnitExtensions/Commands/BeforeAfterTestCommandBase.cs
 0.1 kb	 0.0% Packages/com.unity.test-framework/UnityEngine.TestRunner/NUnitExtensions/Attributes/TestEnumerator.cs
 0.1 kb	 0.0% Packages/com.unity.ugui/Tests/Runtime/TextEditor/TextEditorBackspaceDelete.cs
 0.1 kb	 0.0% Packages/com.unity.ugui/Tests/Runtime/Layout/HorizonalLayoutGroupTests.cs
 0.1 kb	 0.0% Packages/com.unity.ugui/Tests/Runtime/Canvas/SiblingOrderChangesLayout.cs
 0.1 kb	 0.0% Packages/com.unity.ugui/Tests/Runtime/Canvas/CanvasGroupInheritedAlpha.cs
 0.1 kb	 0.0% Packages/com.unity.timeline/Runtime/Playables/TimeControlPlayable.cs
 0.1 kb	 0.0% Packages/com.unity.timeline/Runtime/Evaluation/ScheduleRuntimeClip.cs
 0.1 kb	 0.0% Packages/com.unity.timeline/Runtime/Evaluation/InfiniteRuntimeClip.cs
 0.1 kb	 0.0% Packages/com.unity.timeline/Runtime/Control/ControlPlayableAsset.cs
 0.1 kb	 0.0% Packages/com.unity.timeline/Runtime/Audio/AudioPlayableAsset.cs
 0.1 kb	 0.0% Packages/com.unity.timeline/Runtime/Audio/AudioMixerProperties.cs
 0.1 kb	 0.0% Packages/com.unity.timeline/Runtime/Audio/AudioClipProperties.cs
 0.1 kb	 0.0% Packages/com.unity.timeline/Runtime/Attributes/TrackColorAttribute.cs
 0.1 kb	 0.0% Packages/com.unity.textmeshpro/Scripts/Runtime/TMPro_ExtensionMethods.cs
 0.1 kb	 0.0% Packages/com.unity.textmeshpro/Scripts/Runtime/TMP_TextParsingUtilities.cs
 0.1 kb	 0.0% Packages/com.unity.textmeshpro/Scripts/Runtime/TMP_TextElement_Legacy.cs
 0.1 kb	 0.0% Packages/com.unity.textmeshpro/Scripts/Runtime/TMP_SpriteAssetImportFormats.cs
 0.1 kb	 0.0% Packages/com.unity.textmeshpro/Scripts/Runtime/TMP_FontAssetUtilities.cs
 0.1 kb	 0.0% Packages/com.unity.textmeshpro/Scripts/Runtime/MaterialReferenceManager.cs
 0.1 kb	 0.0% Packages/com.unity.ugui/Tests/Runtime/Util/ConcreteGraphic.cs
 0.1 kb	 0.0% Packages/com.unity.ugui/Tests/Runtime/Layout/LayoutGroupScaling.cs
 0.1 kb	 0.0% Packages/com.unity.ugui/Tests/Runtime/EventSystem/SelectableTests.cs
 0.1 kb	 0.0% Packages/com.unity.ugui/Runtime/UI/Core/SetPropertyUtility.cs
 0.1 kb	 0.0% Packages/com.unity.ugui/Runtime/UI/Core/Layout/VerticalLayoutGroup.cs
 0.1 kb	 0.0% Packages/com.unity.ugui/Runtime/UI/Core/Layout/ContentSizeFitter.cs
 0.1 kb	 0.0% Packages/com.unity.ugui/Runtime/UI/Core/Layout/AspectRatioFitter.cs
 0.1 kb	 0.0% Packages/com.unity.ugui/Runtime/UI/Core/FontUpdateTracker.cs
 0.1 kb	 0.0% Packages/com.unity.ugui/Runtime/UI/Core/CanvasUpdateRegistry.cs
 0.1 kb	 0.0% Packages/com.unity.ugui/Runtime/UI/Core/AnimationTriggers.cs
 0.1 kb	 0.0% Packages/com.unity.ugui/Runtime/EventSystem/Raycasters/PhysicsRaycaster.cs
 0.1 kb	 0.0% Packages/com.unity.ugui/Runtime/EventSystem/Raycasters/BaseRaycaster.cs
 0.1 kb	 0.0% Packages/com.unity.ugui/Runtime/EventSystem/RaycasterManager.cs
 0.1 kb	 0.0% Packages/com.unity.ugui/Runtime/EventSystem/InputModules/TouchInputModule.cs
 0.1 kb	 0.0% Packages/com.unity.ugui/Runtime/EventSystem/InputModules/BaseInputModule.cs
 0.1 kb	 0.0% Packages/com.unity.ugui/Runtime/EventSystem/ExecuteEvents.cs
 0.1 kb	 0.0% Packages/com.unity.ugui/Runtime/EventSystem/EventData/PointerEventData.cs
 0.1 kb	 0.0% Packages/com.unity.ugui/Runtime/EventSystem/EventData/BaseEventData.cs
 0.1 kb	 0.0% Packages/com.unity.ugui/Runtime/EventSystem/EventData/AxisEventData.cs
 0.1 kb	 0.0% Packages/com.unity.timeline/Runtime/TimelineAsset_CreateRemove.cs
 0.1 kb	 0.0% Packages/com.unity.timeline/Runtime/Events/INotificationOptionProvider.cs
 0.1 kb	 0.0% Packages/com.unity.test-framework/UnityEngine.TestRunner/Utils/IOuterUnityTestAction.cs
 0.1 kb	 0.0% Packages/com.unity.test-framework/UnityEngine.TestRunner/Utils/AssemblyProvider/ITestAssemblyProvider.cs
 0.1 kb	 0.0% Packages/com.unity.test-framework/UnityEngine.TestRunner/Utils/AssemblyProvider/IScriptingRuntimeProxy.cs
 0.1 kb	 0.0% Packages/com.unity.test-framework/UnityEngine.TestRunner/Assertions/LogScope/LogScope.cs
 0.1 kb	 0.0% Packages/com.unity.test-framework/UnityEngine.TestRunner/Assertions/LogScope/LogMatch.cs
 0.1 kb	 0.0% Packages/com.unity.test-framework/UnityEngine.TestRunner/Assertions/LogScope/LogEvent.cs
 0.1 kb	 0.0% Packages/com.unity.test-framework/UnityEngine.TestRunner/Assertions/LogAssert.cs
 0.1 kb	 0.0% Packages/com.unity.test-framework/UnityEngine.TestRunner/Assertions/ConstraintsExtensions.cs
 0.1 kb	 0.0% Packages/com.unity.ugui/Tests/Runtime/ScrollRect/ScrollRectStableLayout.cs
 0.1 kb	 0.0% Packages/com.unity.ugui/Tests/Runtime/MaskClipping/RectMask2DClipping.cs
 0.1 kb	 0.0% Packages/com.unity.ugui/Tests/Runtime/LayoutGroup/LayoutGroupArrangement.cs
 0.1 kb	 0.0% Packages/com.unity.ugui/Tests/Runtime/InputField/FakeInputModule.cs
 0.1 kb	 0.0% Packages/com.unity.ugui/Tests/Runtime/Image/ImageFilledGenerateWork.cs
 0.1 kb	 0.0% Packages/com.unity.ugui/Tests/Runtime/EventSystem/PhysicsRaycasterTests.cs
 0.1 kb	 0.0% Packages/com.unity.ugui/Tests/Runtime/EventSystem/GraphicRaycasterTests.cs
 0.1 kb	 0.0% Packages/com.unity.timeline/Runtime/Utilities/WeightUtility.cs
 0.1 kb	 0.0% Packages/com.unity.timeline/Runtime/Utilities/Extrapolation.cs
 0.1 kb	 0.0% Packages/com.unity.timeline/Runtime/TimelinePlayable.cs
 0.1 kb	 0.0% Packages/com.unity.timeline/Runtime/TimelineAsset.cs
 0.1 kb	 0.0% Packages/com.unity.timeline/Runtime/Scripting/PlayableTrack.cs
 0.1 kb	 0.0% Packages/com.unity.timeline/Runtime/Events/Signals/SignalReceiver.cs
 0.1 kb	 0.0% Packages/com.unity.timeline/Runtime/Events/Signals/SignalEmitter.cs
 0.1 kb	 0.0% Packages/com.unity.timeline/Runtime/Evaluation/RuntimeElement.cs
 0.1 kb	 0.0% Packages/com.unity.timeline/Runtime/Evaluation/RuntimeClipBase.cs
 0.1 kb	 0.0% Packages/com.unity.timeline/Runtime/Animation/AnimationTrack.cs
 0.1 kb	 0.0% Packages/com.unity.timeline/Runtime/Activation/ActivationTrack.cs
 0.1 kb	 0.0% Packages/com.unity.textmeshpro/Scripts/Runtime/TMPro_EventManager.cs
 0.1 kb	 0.0% Packages/com.unity.textmeshpro/Scripts/Runtime/TMP_UpdateManager.cs
 0.1 kb	 0.0% Packages/com.unity.textmeshpro/Scripts/Runtime/TMP_TextUtilities.cs
 0.1 kb	 0.0% Packages/com.unity.textmeshpro/Scripts/Runtime/TMP_SpriteCharacter.cs
 0.1 kb	 0.0% Packages/com.unity.textmeshpro/Scripts/Runtime/TMP_SpriteAnimator.cs
 0.1 kb	 0.0% Packages/com.unity.textmeshpro/Scripts/Runtime/TMP_SelectionCaret.cs
 0.1 kb	 0.0% Packages/com.unity.textmeshpro/Scripts/Runtime/TMP_RichTextTagsCommon.cs
 0.1 kb	 0.0% Packages/com.unity.textmeshpro/Scripts/Runtime/TMP_MaterialManager.cs
 0.1 kb	 0.0% Packages/com.unity.textmeshpro/Scripts/Runtime/TMP_InputValidator.cs
 0.1 kb	 0.0% Packages/com.unity.textmeshpro/Scripts/Runtime/TMP_FontFeaturesCommon.cs
 0.1 kb	 0.0% Packages/com.unity.textmeshpro/Scripts/Runtime/TMP_FontFeatureTable.cs
 0.1 kb	 0.0% Packages/com.unity.textmeshpro/Scripts/Runtime/TMP_DefaultControls.cs
 0.1 kb	 0.0% Packages/com.unity.textmeshpro/Scripts/Runtime/TMP_ColorGradient.cs
 0.1 kb	 0.0% Packages/com.unity.test-framework/UnityEngine.TestRunner/Utils/Utils.cs
 0.1 kb	 0.0% Packages/com.unity.test-framework/UnityEngine.TestRunner/Assertions/Is.cs
 0.1 kb	 0.0% Packages/com.unity.ugui/Tests/Runtime/Util/ImageHook.cs
 0.1 kb	 0.0% Packages/com.unity.ugui/Tests/Runtime/Graphic/ImageTests.cs
 0.1 kb	 0.0% Packages/com.unity.ugui/Runtime/UI/Core/VertexModifiers/PositionAsUV1.cs
 0.1 kb	 0.0% Packages/com.unity.ugui/Runtime/UI/Core/VertexModifiers/BaseMeshEffect.cs
 0.1 kb	 0.0% Packages/com.unity.ugui/Runtime/UI/Core/StencilMaterial.cs
 0.1 kb	 0.0% Packages/com.unity.ugui/Runtime/UI/Core/MaskableGraphic.cs
 0.1 kb	 0.0% Packages/com.unity.ugui/Runtime/UI/Core/MaskUtilities.cs
 0.1 kb	 0.0% Packages/com.unity.ugui/Runtime/UI/Core/Layout/LayoutUtility.cs
 0.1 kb	 0.0% Packages/com.unity.ugui/Runtime/UI/Core/Layout/LayoutRebuilder.cs
 0.1 kb	 0.0% Packages/com.unity.ugui/Runtime/UI/Core/Layout/LayoutElement.cs
 0.1 kb	 0.0% Packages/com.unity.ugui/Runtime/UI/Core/Layout/GridLayoutGroup.cs
 0.1 kb	 0.0% Packages/com.unity.ugui/Runtime/UI/Core/IGraphicEnabledDisabled.cs
 0.1 kb	 0.0% Packages/com.unity.ugui/Runtime/UI/Core/GraphicRegistry.cs
 0.1 kb	 0.0% Packages/com.unity.ugui/Runtime/UI/Core/GraphicRaycaster.cs
 0.1 kb	 0.0% Packages/com.unity.ugui/Runtime/UI/Core/DefaultControls.cs
 0.1 kb	 0.0% Packages/com.unity.ugui/Runtime/UI/Core/Culling/ClipperRegistry.cs
 0.1 kb	 0.0% Packages/com.unity.ugui/Runtime/EventSystem/UIBehaviour.cs
 0.1 kb	 0.0% Packages/com.unity.ugui/Runtime/EventSystem/InputModules/BaseInput.cs
 0.1 kb	 0.0% Packages/com.unity.ugui/Runtime/EventSystem/EventTrigger.cs
 0.1 kb	 0.0% Packages/com.unity.ugui/Runtime/EventSystem/EventSystem.cs
 0.1 kb	 0.0% Packages/com.unity.textmeshpro/Tests/Runtime/TMP_RuntimeTests.cs
 0.1 kb	 0.0% Packages/com.unity.test-framework/UnityEngine.TestRunner/Utils/MonoBehaviourTest/MonoBehaviourTest.cs
 0.1 kb	 0.0% Packages/com.unity.test-framework/UnityEngine.TestRunner/Utils/MonoBehaviourTest/IMonoBehaviourTest.cs
 0.1 kb	 0.0% Packages/com.unity.test-framework/UnityEngine.TestRunner/Utils/IPrebuildSceneSetup.cs
 0.1 kb	 0.0% Packages/com.unity.test-framework/UnityEngine.TestRunner/Utils/IPostBuildCleanup.cs
 0.1 kb	 0.0% Packages/com.unity.test-framework/UnityEngine.TestRunner/Utils/AssemblyProvider/IAssemblyLoadProxy.cs
 0.1 kb	 0.0% Packages/com.unity.test-framework/UnityEngine.TestRunner/TestRunner/ITestRunnerListener.cs
 0.1 kb	 0.0% Packages/com.unity.ugui/Tests/Runtime/Util/PrivateFieldSetter.cs
 0.1 kb	 0.0% Packages/com.unity.ugui/Tests/Runtime/Layout/GridLayoutGroupTests.cs
 0.1 kb	 0.0% Packages/com.unity.ugui/Tests/Runtime/Graphic/ToggleTestImageHook.cs
 0.1 kb	 0.0% Packages/com.unity.ugui/Tests/Runtime/EventSystem/RaycastSortingTests.cs
 0.1 kb	 0.0% Packages/com.unity.ugui/Tests/Runtime/EventSystem/InputModuleTests/DragCallbackCheck.cs
 0.1 kb	 0.0% Packages/com.unity.ugui/Tests/Runtime/Canvas/CreateSceneUtility.cs
 0.1 kb	 0.0% Packages/com.unity.timeline/Runtime/Utilities/TimelineUndo.cs
 0.1 kb	 0.0% Packages/com.unity.timeline/Runtime/Utilities/TimeUtility.cs
 0.1 kb	 0.0% Packages/com.unity.timeline/Runtime/Utilities/HashUtility.cs
 0.1 kb	 0.0% Packages/com.unity.timeline/Runtime/TrackAsset.cs
 0.1 kb	 0.0% Packages/com.unity.timeline/Runtime/TimelineClip.cs
 0.1 kb	 0.0% Packages/com.unity.timeline/Runtime/GroupTrack.cs
 0.1 kb	 0.0% Packages/com.unity.timeline/Runtime/Events/Signals/SignalAsset.cs
 0.1 kb	 0.0% Packages/com.unity.timeline/Runtime/Events/SignalTrack.cs
 0.1 kb	 0.0% Packages/com.unity.timeline/Runtime/Events/MarkerTrack.cs
 0.1 kb	 0.0% Packages/com.unity.timeline/Runtime/Evaluation/RuntimeClip.cs
 0.1 kb	 0.0% Packages/com.unity.timeline/Runtime/Control/ControlTrack.cs
 0.1 kb	 0.0% Packages/com.unity.timeline/Runtime/Audio/AudioTrack.cs
 0.1 kb	 0.0% Packages/com.unity.textmeshpro/Scripts/Runtime/TextMeshProUGUI.cs
 0.1 kb	 0.0% Packages/com.unity.textmeshpro/Scripts/Runtime/TextContainer.cs
 0.1 kb	 0.0% Packages/com.unity.textmeshpro/Scripts/Runtime/TMPro_UGUI_Private.cs
 0.1 kb	 0.0% Packages/com.unity.textmeshpro/Scripts/Runtime/TMPro_MeshUtilities.cs
 0.1 kb	 0.0% Packages/com.unity.textmeshpro/Scripts/Runtime/TMP_UpdateRegistery.cs
 0.1 kb	 0.0% Packages/com.unity.textmeshpro/Scripts/Runtime/TMP_TextElement.cs
 0.1 kb	 0.0% Packages/com.unity.textmeshpro/Scripts/Runtime/TMP_SubMeshUI.cs
 0.1 kb	 0.0% Packages/com.unity.textmeshpro/Scripts/Runtime/TMP_StyleSheet.cs
 0.1 kb	 0.0% Packages/com.unity.textmeshpro/Scripts/Runtime/TMP_SpriteGlyph.cs
 0.1 kb	 0.0% Packages/com.unity.textmeshpro/Scripts/Runtime/TMP_SpriteAsset.cs
 0.1 kb	 0.0% Packages/com.unity.textmeshpro/Scripts/Runtime/TMP_ShaderUtilities.cs
 0.1 kb	 0.0% Packages/com.unity.textmeshpro/Scripts/Runtime/TMP_RichTextTagStack.cs
 0.1 kb	 0.0% Packages/com.unity.textmeshpro/Scripts/Runtime/TMP_InputField.cs
 0.1 kb	 0.0% Packages/com.unity.textmeshpro/Scripts/Runtime/TMP_FontAssetCommon.cs
 0.1 kb	 0.0% Packages/com.unity.textmeshpro/Scripts/Runtime/TMP_FontAsset.cs
 0.1 kb	 0.0% Packages/com.unity.textmeshpro/Scripts/Runtime/TMP_CoroutineTween.cs
 0.1 kb	 0.0% Packages/com.unity.textmeshpro/Scripts/Runtime/TMP_CharacterInfo.cs
 0.1 kb	 0.0% Packages/com.unity.textmeshpro/Scripts/Runtime/TMP_Character.cs
 0.1 kb	 0.0% Packages/com.unity.ugui/Runtime/UI/Core/Utility/VertexHelper.cs
 0.1 kb	 0.0% Packages/com.unity.ugui/Runtime/UI/Core/ToggleGroup.cs
 0.1 kb	 0.0% Packages/com.unity.ugui/Runtime/UI/Core/Selectable.cs
 0.1 kb	 0.0% Packages/com.unity.ugui/Runtime/UI/Core/Scrollbar.cs
 0.1 kb	 0.0% Packages/com.unity.ugui/Runtime/UI/Core/ScrollRect.cs
 0.1 kb	 0.0% Packages/com.unity.ugui/Runtime/UI/Core/RectMask2D.cs
 0.1 kb	 0.0% Packages/com.unity.ugui/Runtime/UI/Core/MaterialModifiers/IMaterialModifier.cs
 0.1 kb	 0.0% Packages/com.unity.ugui/Runtime/UI/Core/Layout/LayoutGroup.cs
 0.1 kb	 0.0% Packages/com.unity.ugui/Runtime/UI/Core/Layout/CanvasScaler.cs
 0.1 kb	 0.0% Packages/com.unity.ugui/Runtime/UI/Core/InputField.cs
 0.1 kb	 0.0% Packages/com.unity.timeline/Runtime/Utilities/IPropertyCollector.cs
 0.1 kb	 0.0% Packages/com.unity.timeline/Runtime/TimelineAttributes.cs
 0.1 kb	 0.0% Packages/com.unity.timeline/Runtime/Timeline.deprecated.cs
 0.1 kb	 0.0% Packages/com.unity.timeline/Runtime/Playables/NotificationFlags.cs
 0.1 kb	 0.0% Packages/com.unity.timeline/Runtime/Playables/BasicScriptPlayable.cs
 0.1 kb	 0.0% Packages/com.unity.test-framework/UnityEngine.TestRunner/Utils/StacktraceFilter.cs
 0.1 kb	 0.0% Packages/com.unity.test-framework/UnityEngine.TestRunner/Utils/AssemblyProvider/IAssemblyWrapper.cs
 0.1 kb	 0.0% Packages/com.unity.test-framework/UnityEngine.TestRunner/NUnitExtensions/IStateSerializer.cs
 0.1 kb	 0.0% Packages/com.unity.ugui/Tests/Runtime/TextEditor/TextEditorTests.cs
 0.1 kb	 0.0% Packages/com.unity.ugui/Tests/Runtime/ScrollRect/ScrollRectTests.cs
 0.1 kb	 0.0% Packages/com.unity.ugui/Tests/Runtime/ScrollRect/ScrollRectScale.cs
 0.1 kb	 0.0% Packages/com.unity.ugui/Tests/Runtime/ScrollRect/ScrollRectClamp.cs
 0.1 kb	 0.0% Packages/com.unity.ugui/Tests/Runtime/ScrollBar/ScrollBarTests.cs
 0.1 kb	 0.0% Packages/com.unity.ugui/Tests/Runtime/ScrollBar/ScrollBarClamp.cs
 0.1 kb	 0.0% Packages/com.unity.ugui/Tests/Runtime/InputField/InputFieldTests.cs
 0.1 kb	 0.0% Packages/com.unity.ugui/Tests/Runtime/Image/TestableImage.cs
 0.1 kb	 0.0% Packages/com.unity.ugui/Tests/Runtime/Graphic/RawImageTestHook.cs
 0.1 kb	 0.0% Packages/com.unity.ugui/Tests/Runtime/Graphic/RawImageTest.cs
 0.1 kb	 0.0% Packages/com.unity.ugui/Tests/Runtime/Graphic/MaskTests.cs
 0.1 kb	 0.0% Packages/com.unity.ugui/Tests/Runtime/Graphic/GraphicTests.cs
 0.1 kb	 0.0% Packages/com.unity.ugui/Tests/Runtime/EventSystem/InputModuleTests/FakeBaseInput.cs
 0.1 kb	 0.0% Packages/com.unity.ugui/Tests/Runtime/EventSystem/InputModuleTests.cs
 0.1 kb	 0.0% Packages/com.unity.ugui/Tests/Runtime/Dropdown/DropdownTests.cs
 0.1 kb	 0.0% Packages/com.unity.timeline/Runtime/Events/Marker.cs
 0.1 kb	 0.0% Packages/com.unity.textmeshpro/Scripts/Runtime/TextMeshPro.cs
 0.1 kb	 0.0% Packages/com.unity.textmeshpro/Scripts/Runtime/TMPro_Private.cs
 0.1 kb	 0.0% Packages/com.unity.textmeshpro/Scripts/Runtime/TMP_TextInfo.cs
 0.1 kb	 0.0% Packages/com.unity.textmeshpro/Scripts/Runtime/TMP_SubMesh.cs
 0.1 kb	 0.0% Packages/com.unity.textmeshpro/Scripts/Runtime/TMP_Style.cs
 0.1 kb	 0.0% Packages/com.unity.textmeshpro/Scripts/Runtime/TMP_Sprite.cs
 0.1 kb	 0.0% Packages/com.unity.textmeshpro/Scripts/Runtime/TMP_Settings.cs
 0.1 kb	 0.0% Packages/com.unity.textmeshpro/Scripts/Runtime/TMP_ObjectPool.cs
 0.1 kb	 0.0% Packages/com.unity.textmeshpro/Scripts/Runtime/TMP_Dropdown.cs
 0.1 kb	 0.0% Packages/com.unity.textmeshpro/Scripts/Runtime/TMP_Asset.cs
 0.1 kb	 0.0% Packages/com.unity.textmeshpro/Scripts/Runtime/FastAction.cs
 0.1 kb	 0.0% Packages/com.unity.textmeshpro/Scripts/Runtime/AssemblyInfo.cs.cs
 0.1 kb	 0.0% Packages/com.unity.ugui/Runtime/UI/Core/VertexModifiers/Shadow.cs
 0.1 kb	 0.0% Packages/com.unity.ugui/Runtime/UI/Core/VertexModifiers/Outline.cs
 0.1 kb	 0.0% Packages/com.unity.ugui/Runtime/UI/Core/VertexModifiers/IMeshModifier.cs
 0.1 kb	 0.0% Packages/com.unity.ugui/Runtime/UI/Core/Toggle.cs
 0.1 kb	 0.0% Packages/com.unity.ugui/Runtime/UI/Core/Slider.cs
 0.1 kb	 0.0% Packages/com.unity.ugui/Runtime/UI/Core/RawImage.cs
 0.1 kb	 0.0% Packages/com.unity.ugui/Runtime/UI/Core/Layout/ILayoutElement.cs
 0.1 kb	 0.0% Packages/com.unity.ugui/Runtime/UI/Core/Image.cs
 0.1 kb	 0.0% Packages/com.unity.ugui/Runtime/UI/Core/Graphic.cs
 0.1 kb	 0.0% Packages/com.unity.ugui/Runtime/UI/Core/FontData.cs
 0.1 kb	 0.0% Packages/com.unity.ugui/Runtime/UI/Core/Dropdown.cs
 0.1 kb	 0.0% Packages/com.unity.ugui/Runtime/UI/Core/Culling/Clipping.cs
 0.1 kb	 0.0% Packages/com.unity.ugui/Runtime/UI/Core/Button.cs
 0.1 kb	 0.0% Packages/com.unity.ugui/Runtime/UI/Animation/CoroutineTween.cs
 0.1 kb	 0.0% Packages/com.unity.ugui/Runtime/EventSystem/RaycastResult.cs
 0.1 kb	 0.0% Packages/com.unity.ugui/Runtime/EventSystem/MoveDirection.cs
 0.1 kb	 0.0% Packages/com.unity.ugui/Runtime/EventSystem/EventTriggerType.cs
 0.1 kb	 0.0% Packages/com.unity.ugui/Runtime/EventSystem/EventInterfaces.cs
 0.1 kb	 0.0% Packages/com.unity.timeline/Runtime/Utilities/IPropertyPreview.cs
 0.1 kb	 0.0% Packages/com.unity.timeline/Runtime/Extensions/TrackExtensions.cs
 0.1 kb	 0.0% Packages/com.unity.timeline/Runtime/AssetUpgrade/TimelineUpgrade.cs
 0.1 kb	 0.0% Packages/com.unity.test-framework/UnityEngine.TestRunner/TestRunner/TestPlatform.cs
 0.1 kb	 0.0% Packages/com.unity.test-framework/UnityEngine.TestRunner/Assertions/LogScope/ILogScope.cs
 0.1 kb	 0.0% Packages/com.unity.test-framework/UnityEngine.TestRunner/AssemblyInfo.cs
 0.1 kb	 0.0% Packages/com.unity.ugui/Tests/Runtime/Toggle/ToggleTests.cs
 0.1 kb	 0.0% Packages/com.unity.ugui/Tests/Runtime/Slider/SliderTests.cs
 0.1 kb	 0.0% Packages/com.unity.ugui/Tests/Runtime/Image/ImageTests.cs
 0.1 kb	 0.0% Packages/com.unity.ugui/Tests/Runtime/EventSystem/InputModuleTests/MouseUpdate.cs
 0.1 kb	 0.0% Packages/com.unity.ugui/Tests/Runtime/Canvas/NestedCanvas.cs
 0.1 kb	 0.0% Packages/com.unity.ugui/Tests/Runtime/Button/TestButton.cs
 0.1 kb	 0.0% Packages/com.unity.ugui/Tests/Runtime/Button/ButtonTests.cs
 0.1 kb	 0.0% Packages/com.unity.textmeshpro/Scripts/Runtime/TMP_Text.cs
 0.1 kb	 0.0% Packages/com.unity.textmeshpro/Scripts/Runtime/TMP_MeshInfo.cs
 0.1 kb	 0.0% Packages/com.unity.textmeshpro/Scripts/Runtime/TMP_ListPool.cs
 0.1 kb	 0.0% Packages/com.unity.textmeshpro/Scripts/Runtime/TMP_LineInfo.cs
 0.1 kb	 0.0% Packages/com.unity.ugui/Runtime/UI/Core/Utility/ObjectPool.cs
 0.1 kb	 0.0% Packages/com.unity.ugui/Runtime/UI/Core/Text.cs
 0.1 kb	 0.0% Packages/com.unity.ugui/Runtime/UI/Core/SpriteState.cs
 0.1 kb	 0.0% Packages/com.unity.ugui/Runtime/UI/Core/SpecializedCollections/IndexedSet.cs
 0.1 kb	 0.0% Packages/com.unity.ugui/Runtime/UI/Core/Navigation.cs
 0.1 kb	 0.0% Packages/com.unity.ugui/Runtime/UI/Core/Misc.cs
 0.1 kb	 0.0% Packages/com.unity.ugui/Runtime/UI/Core/Mask.cs
 0.1 kb	 0.0% Packages/com.unity.ugui/Runtime/UI/Core/IMaskable.cs
 0.1 kb	 0.0% Packages/com.unity.ugui/Runtime/UI/Core/Culling/IClipRegion.cs
 0.1 kb	 0.0% Packages/com.unity.ugui/Runtime/UI/Core/ColorBlock.cs
 0.1 kb	 0.0% Packages/com.unity.ugui/Runtime/Properties/AssemblyInfo.cs
 0.1 kb	 0.0% Packages/com.unity.ugui/Runtime/EventSystem/EventHandle.cs
 0.1 kb	 0.0% Packages/com.unity.timeline/Runtime/Properties/AssemblyInfo.cs
 0.1 kb	 0.0% Packages/com.unity.timeline/Runtime/Playables/ITimeControl.cs
 0.1 kb	 0.0% Packages/com.unity.timeline/Runtime/Events/MarkerList.cs
 0.1 kb	 0.0% Packages/com.unity.timeline/Runtime/Evaluation/IntervalTree.cs
 0.1 kb	 0.0% Packages/com.unity.timeline/Runtime/DiscreteTime.cs
 0.1 kb	 0.0% Packages/com.unity.timeline/Runtime/AssetUpgrade/TrackUpgrade.cs
 0.1 kb	 0.0% Packages/com.unity.timeline/Runtime/AssetUpgrade/ClipUpgrade.cs
 0.1 kb	 0.0% Packages/com.unity.timeline/Runtime/Animation/ICurvesOwner.cs
 0.1 kb	 0.0% Packages/com.unity.ugui/Runtime/UI/Core/Utility/ListPool.cs
 0.1 kb	 0.0% Packages/com.unity.ugui/Runtime/UI/Core/IMask.cs
 0.1 kb	 0.0% Packages/com.unity.timeline/Runtime/Events/IMarker.cs
 0.1 kb	 0.0% Packages/com.unity.timeline/Runtime/ClipCaps.cs
-------------------------------------------------------------------------------
Unloading 3 Unused Serialized files (Serialized files now loaded: 0)
System memory in use before: 41.4 MB.
System memory in use after: 41.1 MB.

Unloading 14 unused Assets to reduce memory usage. Loaded Objects now: 1362.
Total: 7.479600 ms (FindLiveObjects: 0.531700 ms CreateObjectMapping: 0.059000 ms MarkObjects: 6.280900 ms  DeleteObjects: 0.606100 ms)

DisplayProgressNotification: Build Successful
Unloading 0 Unused Serialized files (Serialized files now loaded: 0)
Loaded scene 'Temp/__Backupscenes/0.backup'
	Deserialize:            0.939 ms
	Integration:            5.577 ms
	Integration of assets:  0.005 ms
	Thread Wait Time:       28.318 ms
	Total Operation Time:   34.841 ms
System memory in use before: 40.9 MB.
System memory in use after: 41.0 MB.

Unloading 0 unused Assets to reduce memory usage. Loaded Objects now: 1358.
Total: 6.128300 ms (FindLiveObjects: 0.406700 ms CreateObjectMapping: 0.053100 ms MarkObjects: 5.632900 ms  DeleteObjects: 0.034100 ms)

Batchmode quit successfully invoked - shutting down!
[Performance] Application.InitializeProject                                         :        1 samples, Peak.  24.8 s (1.0x), Avg.  24.8 s, Total. 24.76 s (29.3%)
[Performance] Application.PackageManager.StartServer                                :        1 samples, Peak.  3.61 ms (1.0x), Avg.  3.61 ms, Total. 3.605 ms (0.0%)
[Performance] Application.AcquireProjectLock                                        :        1 samples, Peak.  10.4 ms (1.0x), Avg.  10.4 ms, Total. 10.36 ms (0.0%)
[Performance] Application.InitializeEngineNoGraphics                                :        1 samples, Peak.  81.8 ms (1.0x), Avg.  81.8 ms, Total. 81.83 ms (0.1%)
[Performance] Application.PackageManager.Initialize                                 :        1 samples, Peak.  1.51 s (1.0x), Avg.  1.51 s, Total. 1.513 s (1.8%)
[Performance] CurlRequestCheck                                                      :       25 samples, Peak.   254 us (7.6x), Avg.  33.5 us, Total. 838.3 us (0.0%)
[Performance] PackageManager::RunRequestSynchronously                               :        8 samples, Peak.   145 us (4.8x), Avg.  30.6 us, Total. 244.7 us (0.0%)
[Performance] Application.EngineGraphics.Initialize                                 :        1 samples, Peak.   205 ms (1.0x), Avg.   205 ms, Total. 205.1 ms (0.2%)
[Performance] Application.GI.Initialize                                             :        1 samples, Peak.   279 ms (1.0x), Avg.   279 ms, Total. 278.8 ms (0.3%)
[Performance] Application.LoadAllDefaultResourcesFromEditor                         :        1 samples, Peak.  3.27 ms (1.0x), Avg.  3.27 ms, Total. 3.273 ms (0.0%)
[Performance] Application.LoadMonoAssembliesAndRecompileIfNecessary                 :        1 samples, Peak.  20.0 s (1.0x), Avg.  20.0 s, Total. 19.97 s (23.6%)
[Performance] Application.ReadLicenseInfo                                           :        1 samples, Peak.   436 us (1.0x), Avg.   436 us, Total. 435.8 us (0.0%)
[Performance] Application.AssetDatabase.Refresh                                     :        1 samples, Peak.  33.0 ms (1.0x), Avg.  33.0 ms, Total. 32.96 ms (0.0%)
[Performance] Application.OnUsbDevicesChanged                                       :        1 samples, Peak.  5.54 ms (1.0x), Avg.  5.54 ms, Total. 5.543 ms (0.0%)
[Performance] Application.AssetInstanceCacheUpdate                                  :        1 samples, Peak.  2.35 ms (1.0x), Avg.  2.35 ms, Total. 2.351 ms (0.0%)
[Performance] Application.UnityExtensions.Initialize                                :        1 samples, Peak.   896 us (1.0x), Avg.   896 us, Total. 896.2 us (0.0%)
[Performance] Application.InitializeManagedCompilationPipeline                      :        1 samples, Peak.   337 ms (1.0x), Avg.   337 ms, Total. 336.9 ms (0.4%)
[Performance] Application.ExecuteStartups                                           :        1 samples, Peak.  1.38 s (1.0x), Avg.  1.38 s, Total. 1.383 s (1.6%)
[Performance] Application.editorInitializingProject                                 :        1 samples, Peak.  27.9 us (1.0x), Avg.  27.9 us, Total. 27.90 us (0.0%)
[Performance] Application.WriteEditorInstanceJsonFile                               :        1 samples, Peak.   678 us (1.0x), Avg.   678 us, Total. 677.7 us (0.0%)
[Performance] Application.CheckForAvailableDiskSpaceInProjectLocationAndEmitW       :        1 samples, Peak.  65.1 us (1.0x), Avg.  65.1 us, Total. 65.10 us (0.0%)
[Performance] GUIView.RepaintAll.PlayerLoopController                               :        4 samples, Peak.  1.30 us (1.2x), Avg.  1.08 us, Total. 4.300 us (0.0%)
[Performance] SceneVisibilityState.ClearScene                                       :        3 samples, Peak.   500 ns (1.7x), Avg.   300 ns, Total. 900.0 ns (0.0%)
[Performance] Application.InvokeFinishedLoadingProject                              :        1 samples, Peak.   472 us (1.0x), Avg.   472 us, Total. 471.9 us (0.0%)
[Performance] SceneVisibilityState::GameObjectChangedScene_Impl                     :        5 samples, Peak.   300 ns (2.1x), Avg.   140 ns, Total. 700.0 ns (0.0%)
Refresh: detecting if any assets need to be imported or removed ...

Refresh Completed time: 0.038066s
	Asset Scan time: 0.037270s
	Asset Hashing: 0.000000s [0 B, 0.000000 mb/s]
	Asset Import (Scripting) time: 0.000000s (count: 0)
	Post Processs Assets (Scripting) time: 0.000000s
	Asset Rehashing: 0.000000s [0 B, 0.000000 mb/s]
	Asset Import (Non Scripting) time: 0.000000s (count: 0)
	Post Process Assets (Non Scripting) time: 0.000000s
	Dependent Assets to Import Queue time: 0.000000s

Refresh: detecting if any assets need to be imported or removed ...

Refresh Completed time: 0.033501s
	Asset Scan time: 0.032520s
	Asset Hashing: 0.000000s [0 B, 0.000000 mb/s]
	Asset Import (Scripting) time: 0.000000s (count: 0)
	Post Processs Assets (Scripting) time: 0.000000s
	Asset Rehashing: 0.000000s [0 B, 0.000000 mb/s]
	Asset Import (Non Scripting) time: 0.000000s (count: 0)
	Post Process Assets (Non Scripting) time: 0.000000s
	Dependent Assets to Import Queue time: 0.000000s

[Package Manager] Server::Kill -- Server was shutdown
Cleanup mono
[websockify] Process killed
Exiting batchmode successfully now!
Exiting without the bug reporter. Application will terminate with return code 0